#
# There is insufficient memory for the Java Runtime Environment to continue.
# Native memory allocation (malloc) failed to allocate 837296 bytes for Chunk::new
# Possible reasons:
#   The system is out of physical RAM or swap space
#   The process is running with CompressedOops enabled, and the Java Heap may be blocking the growth of the native heap
# Possible solutions:
#   Reduce memory load on the system
#   Increase physical memory or swap space
#   Check if swap backing store is full
#   Decrease Java heap size (-Xmx/-Xms)
#   Decrease number of Java threads
#   Decrease Java thread stack sizes (-Xss)
#   Set larger code cache with -XX:ReservedCodeCacheSize=
#   JVM is running with Unscaled Compressed Oops mode in which the Java heap is
#     placed in the first 4GB address space. The Java Heap base address is the
#     maximum limit for the native heap growth. Please use -XX:HeapBaseMinAddress
#     to set the Java Heap base and to place the Java Heap above 4GB virtual address.
# This output file may be truncated or incomplete.
#
#  Out of Memory Error (./src/hotspot/share/memory/arena.cpp:197), pid=9492, tid=2328
#
# JRE version: OpenJDK Runtime Environment (11.0.8+10) (build 11.0.8+10-b944.6842174)
# Java VM: OpenJDK 64-Bit Server VM (11.0.8+10-b944.6842174, mixed mode, tiered, compressed oops, g1 gc, windows-amd64)
# No core dump will be written. Minidumps are not enabled by default on client versions of Windows
#

---------------  S U M M A R Y ------------

Command Line: --add-opens=java.base/java.util=ALL-UNNAMED --add-opens=java.base/java.lang=ALL-UNNAMED --add-opens=java.base/java.lang.invoke=ALL-UNNAMED --add-opens=java.prefs/java.util.prefs=ALL-UNNAMED -Xmx2048m -Dfile.encoding=UTF-8 -Duser.country=BR -Duser.language=pt -Duser.variant org.gradle.launcher.daemon.bootstrap.GradleDaemon 6.5

Host: Intel(R) Core(TM) i5-3570 CPU @ 3.40GHz, 4 cores, 11G,  Windows 10 , 64 bit Build 19041 (10.0.19041.928)
Time: Fri May 14 16:43:27 2021 Hora oficial do Brasil elapsed time: 19 seconds (0d 0h 0m 19s)

---------------  T H R E A D  ---------------

Current thread (0x00000156c490b000):  JavaThread "C2 CompilerThread0" daemon [_thread_in_native, id=2328, stack(0x0000003e77c00000,0x0000003e77d00000)]


Current CompileTask:
C2:  19580 4627       4       java.util.jar.JarFile::getManifest (5 bytes)

Stack: [0x0000003e77c00000,0x0000003e77d00000]
Native frames: (J=compiled Java code, j=interpreted, Vv=VM code, C=native code)
V  [jvm.dll+0x5de50a]
V  [jvm.dll+0x7122f5]
V  [jvm.dll+0x71384d]
V  [jvm.dll+0x713f03]
V  [jvm.dll+0x23e728]
V  [jvm.dll+0xb899c]
V  [jvm.dll+0xb8e9c]
V  [jvm.dll+0x35020b]
V  [jvm.dll+0x31dea3]
V  [jvm.dll+0x31d39a]
V  [jvm.dll+0x1f7702]
V  [jvm.dll+0x1f68d4]
V  [jvm.dll+0x17f32c]
V  [jvm.dll+0x205047]
V  [jvm.dll+0x203891]
V  [jvm.dll+0x6dad3f]
V  [jvm.dll+0x6d3895]
V  [jvm.dll+0x5dd4a6]
C  [ucrtbase.dll+0x21bb2]
C  [KERNEL32.DLL+0x17034]
C  [ntdll.dll+0x52651]


---------------  P R O C E S S  ---------------

Threads class SMR info:
_java_thread_list=0x00000156c997a940, length=147, elements={
0x00000156aa698800, 0x00000156c4904000, 0x00000156c48f0800, 0x00000156c4905800,
0x00000156c4907000, 0x00000156c490b000, 0x00000156c5157800, 0x00000156c51bf800,
0x00000156c52b0800, 0x00000156c52e4800, 0x00000156c63af000, 0x00000156c665f000,
0x00000156c5850800, 0x00000156c5867800, 0x00000156c54cb000, 0x00000156c54db800,
0x00000156c54dd800, 0x00000156c6837800, 0x00000156c6838000, 0x00000156c6841800,
0x00000156c6026000, 0x00000156c6025000, 0x00000156c6024800, 0x00000156c6022000,
0x00000156c6023000, 0x00000156c6023800, 0x00000156c6021000, 0x00000156c6027000,
0x00000156c6027800, 0x00000156c837e800, 0x00000156c837f000, 0x00000156c837c000,
0x00000156c837c800, 0x00000156c8380000, 0x00000156c837a800, 0x00000156c837d800,
0x00000156c8383800, 0x00000156c8385800, 0x00000156c8384000, 0x00000156c8382800,
0x00000156c8385000, 0x00000156c8381000, 0x00000156c8381800, 0x00000156c8388000,
0x00000156c8386800, 0x00000156c8387800, 0x00000156c8389000, 0x00000156c8100000,
0x00000156c8106800, 0x00000156c8103000, 0x00000156c8102800, 0x00000156c8104000,
0x00000156c8105000, 0x00000156c8100800, 0x00000156c8105800, 0x00000156c8101800,
0x00000156c810a800, 0x00000156c8109000, 0x00000156c8109800, 0x00000156c8107000,
0x00000156c810e000, 0x00000156c810b800, 0x00000156c810c000, 0x00000156c810d000,
0x00000156c8108000, 0x00000156c810e800, 0x00000156c86c0800, 0x00000156c86c3000,
0x00000156c86c1800, 0x00000156c86c2000, 0x00000156c86c3800, 0x00000156c86c4800,
0x00000156c86bf800, 0x00000156c86bf000, 0x00000156c86c6000, 0x00000156c86c7000,
0x00000156c86c5800, 0x00000156c86c8800, 0x00000156c86c9800, 0x00000156c86cb000,
0x00000156c86cc000, 0x00000156c86c8000, 0x00000156c86cc800, 0x00000156c86ca000,
0x00000156c86cd800, 0x00000156c8c35000, 0x00000156c8c31800, 0x00000156c8c36000,
0x00000156c8c37800, 0x00000156c8c36800, 0x00000156c8c38000, 0x00000156c8c32800,
0x00000156c8c39000, 0x00000156c8c33800, 0x00000156c8c3a000, 0x00000156c8c34000,
0x00000156c8c3b800, 0x00000156c8c40800, 0x00000156c8c3e000, 0x00000156c8c3a800,
0x00000156c8c3e800, 0x00000156c8c3f800, 0x00000156c8c3c800, 0x00000156c8c3d000,
0x00000156c8863800, 0x00000156c8864800, 0x00000156c8863000, 0x00000156c8867000,
0x00000156c8865800, 0x00000156c8866000, 0x00000156c8868000, 0x00000156c8862000,
0x00000156c8868800, 0x00000156c8869800, 0x00000156c886a800, 0x00000156c886b000,
0x00000156c886e800, 0x00000156c8871000, 0x00000156c886c000, 0x00000156c886d800,
0x00000156c886c800, 0x00000156c886f000, 0x00000156c8870000, 0x00000156c8ab6000,
0x00000156c8ab7000, 0x00000156c8ab3800, 0x00000156c8ab3000, 0x00000156c8ab5800,
0x00000156c8ab8000, 0x00000156c8ab2000, 0x00000156c8ab8800, 0x00000156c8ab9800,
0x00000156c8aba000, 0x00000156c8ab4800, 0x00000156c8abe800, 0x00000156c8abc000,
0x00000156c8ac1000, 0x00000156c8abc800, 0x00000156c8abd800, 0x00000156c8abb000,
0x00000156c8abf000, 0x00000156c8ac0000, 0x00000156c875a000, 0x00000156c875e000,
0x00000156c875f800, 0x00000156c875a800, 0x00000156c875e800
}

Java Threads: ( => current thread )
  0x00000156aa698800 JavaThread "main" [_thread_blocked, id=2564, stack(0x0000003e77000000,0x0000003e77100000)]
  0x00000156c4904000 JavaThread "Reference Handler" daemon [_thread_blocked, id=9648, stack(0x0000003e77800000,0x0000003e77900000)]
  0x00000156c48f0800 JavaThread "Finalizer" daemon [_thread_blocked, id=3084, stack(0x0000003e77900000,0x0000003e77a00000)]
  0x00000156c4905800 JavaThread "Signal Dispatcher" daemon [_thread_blocked, id=4444, stack(0x0000003e77a00000,0x0000003e77b00000)]
  0x00000156c4907000 JavaThread "Attach Listener" daemon [_thread_blocked, id=7740, stack(0x0000003e77b00000,0x0000003e77c00000)]
=>0x00000156c490b000 JavaThread "C2 CompilerThread0" daemon [_thread_in_native, id=2328, stack(0x0000003e77c00000,0x0000003e77d00000)]
  0x00000156c5157800 JavaThread "C1 CompilerThread0" daemon [_thread_blocked, id=3244, stack(0x0000003e77d00000,0x0000003e77e00000)]
  0x00000156c51bf800 JavaThread "Sweeper thread" daemon [_thread_blocked, id=924, stack(0x0000003e77e00000,0x0000003e77f00000)]
  0x00000156c52b0800 JavaThread "Common-Cleaner" daemon [_thread_blocked, id=560, stack(0x0000003e77f00000,0x0000003e78000000)]
  0x00000156c52e4800 JavaThread "Service Thread" daemon [_thread_blocked, id=5480, stack(0x0000003e78000000,0x0000003e78100000)]
  0x00000156c63af000 JavaThread "Daemon health stats" [_thread_blocked, id=8492, stack(0x0000003e78500000,0x0000003e78600000)]
  0x00000156c665f000 JavaThread "Incoming local TCP Connector on port 51227" [_thread_in_native, id=7956, stack(0x0000003e78800000,0x0000003e78900000)]
  0x00000156c5850800 JavaThread "Daemon periodic checks" [_thread_blocked, id=8656, stack(0x0000003e78900000,0x0000003e78a00000)]
  0x00000156c5867800 JavaThread "Daemon" [_thread_blocked, id=9008, stack(0x0000003e78a00000,0x0000003e78b00000)]
  0x00000156c54cb000 JavaThread "Handler for socket connection from /127.0.0.1:51227 to /127.0.0.1:51228" [_thread_in_native, id=7632, stack(0x0000003e78b00000,0x0000003e78c00000)]
  0x00000156c54db800 JavaThread "Cancel handler" [_thread_blocked, id=6772, stack(0x0000003e78c00000,0x0000003e78d00000)]
  0x00000156c54dd800 JavaThread "Daemon worker" [_thread_in_vm, id=2708, stack(0x0000003e78d00000,0x0000003e78e00000)]
  0x00000156c6837800 JavaThread "Asynchronous log dispatcher for DefaultDaemonConnection: socket connection from /127.0.0.1:51227 to /127.0.0.1:51228" [_thread_blocked, id=8908, stack(0x0000003e78e00000,0x0000003e78f00000)]
  0x00000156c6838000 JavaThread "Stdin handler" [_thread_blocked, id=6084, stack(0x0000003e78f00000,0x0000003e79000000)]
  0x00000156c6841800 JavaThread "Thread-8" [_thread_blocked, id=5152, stack(0x0000003e79000000,0x0000003e79100000)]
  0x00000156c6026000 JavaThread "Cache worker for journal cache (C:\Users\Fabi\.gradle\caches\journal-1)" [_thread_blocked, id=5708, stack(0x0000003e79100000,0x0000003e79200000)]
  0x00000156c6025000 JavaThread "File lock request listener" [_thread_in_native, id=7664, stack(0x0000003e79200000,0x0000003e79300000)]
  0x00000156c6024800 JavaThread "Cache worker for file hash cache (C:\Users\Fabi\.gradle\caches\6.5\fileHashes)" [_thread_blocked, id=2104, stack(0x0000003e79300000,0x0000003e79400000)]
  0x00000156c6022000 JavaThread "Cache worker for file hash cache (C:\Users\Fabi\Desktop\Github Clones\projeto_tarefa_brq\.gradle\6.5\fileHashes)" [_thread_blocked, id=556, stack(0x0000003e79400000,0x0000003e79500000)]
  0x00000156c6023000 JavaThread "Cache worker for checksums cache (C:\Users\Fabi\Desktop\Github Clones\projeto_tarefa_brq\.gradle\checksums)" [_thread_blocked, id=8416, stack(0x0000003e79500000,0x0000003e79600000)]
  0x00000156c6023800 JavaThread "Cache worker for cache directory md-supplier (C:\Users\Fabi\.gradle\caches\6.5\md-supplier)" [_thread_blocked, id=8544, stack(0x0000003e79600000,0x0000003e79700000)]
  0x00000156c6021000 JavaThread "Cache worker for cache directory md-rule (C:\Users\Fabi\.gradle\caches\6.5\md-rule)" [_thread_blocked, id=5564, stack(0x0000003e79700000,0x0000003e79800000)]
  0x00000156c6027000 JavaThread "Cache worker for execution history cache (C:\Users\Fabi\.gradle\caches\6.5\executionHistory)" [_thread_blocked, id=7608, stack(0x0000003e79800000,0x0000003e79900000)]
  0x00000156c6027800 JavaThread "jar transforms" [_thread_blocked, id=3680, stack(0x0000003e79900000,0x0000003e79a00000)]
  0x00000156c837e800 JavaThread "Cache worker for file content cache (C:\Users\Fabi\.gradle\caches\6.5\fileContent)" [_thread_blocked, id=3028, stack(0x0000003e79a00000,0x0000003e79b00000)]
  0x00000156c837f000 JavaThread "Build operations" [_thread_blocked, id=9056, stack(0x0000003e79b00000,0x0000003e79c00000)]
  0x00000156c837c000 JavaThread "Build operations Thread 2" [_thread_blocked, id=9208, stack(0x0000003e79c00000,0x0000003e79d00000)]
  0x00000156c837c800 JavaThread "Build operations Thread 3" [_thread_blocked, id=1488, stack(0x0000003e79d00000,0x0000003e79e00000)]
  0x00000156c8380000 JavaThread "Build operations Thread 4" [_thread_blocked, id=3748, stack(0x0000003e79e00000,0x0000003e79f00000)]
  0x00000156c837a800 JavaThread "jar transforms Thread 2" [_thread_blocked, id=5552, stack(0x0000003e79f00000,0x0000003e7a000000)]
  0x00000156c837d800 JavaThread "jar transforms Thread 3" [_thread_blocked, id=6140, stack(0x0000003e7a000000,0x0000003e7a100000)]
  0x00000156c8383800 JavaThread "jar transforms Thread 4" [_thread_blocked, id=5868, stack(0x0000003e7a100000,0x0000003e7a200000)]
  0x00000156c8385800 JavaThread "jar transforms Thread 5" [_thread_blocked, id=10128, stack(0x0000003e7a200000,0x0000003e7a300000)]
  0x00000156c8384000 JavaThread "jar transforms Thread 6" [_thread_blocked, id=3368, stack(0x0000003e7a300000,0x0000003e7a400000)]
  0x00000156c8382800 JavaThread "jar transforms Thread 7" [_thread_blocked, id=7968, stack(0x0000003e7a400000,0x0000003e7a500000)]
  0x00000156c8385000 JavaThread "jar transforms Thread 8" [_thread_blocked, id=1904, stack(0x0000003e7a500000,0x0000003e7a600000)]
  0x00000156c8381000 JavaThread "jar transforms Thread 9" [_thread_blocked, id=4612, stack(0x0000003e7a600000,0x0000003e7a700000)]
  0x00000156c8381800 JavaThread "jar transforms Thread 10" [_thread_blocked, id=7188, stack(0x0000003e7a700000,0x0000003e7a800000)]
  0x00000156c8388000 JavaThread "jar transforms Thread 11" [_thread_blocked, id=6924, stack(0x0000003e7a800000,0x0000003e7a900000)]
  0x00000156c8386800 JavaThread "jar transforms Thread 12" [_thread_blocked, id=2964, stack(0x0000003e7a900000,0x0000003e7aa00000)]
  0x00000156c8387800 JavaThread "jar transforms Thread 13" [_thread_blocked, id=6468, stack(0x0000003e7aa00000,0x0000003e7ab00000)]
  0x00000156c8389000 JavaThread "jar transforms Thread 14" [_thread_blocked, id=324, stack(0x0000003e7ab00000,0x0000003e7ac00000)]
  0x00000156c8100000 JavaThread "jar transforms Thread 15" [_thread_blocked, id=8120, stack(0x0000003e7ac00000,0x0000003e7ad00000)]
  0x00000156c8106800 JavaThread "jar transforms Thread 16" [_thread_blocked, id=2800, stack(0x0000003e7ad00000,0x0000003e7ae00000)]
  0x00000156c8103000 JavaThread "jar transforms Thread 17" [_thread_blocked, id=9816, stack(0x0000003e7ae00000,0x0000003e7af00000)]
  0x00000156c8102800 JavaThread "jar transforms Thread 18" [_thread_blocked, id=1596, stack(0x0000003e7af00000,0x0000003e7b000000)]
  0x00000156c8104000 JavaThread "jar transforms Thread 19" [_thread_blocked, id=2388, stack(0x0000003e7b000000,0x0000003e7b100000)]
  0x00000156c8105000 JavaThread "jar transforms Thread 20" [_thread_blocked, id=5212, stack(0x0000003e7b100000,0x0000003e7b200000)]
  0x00000156c8100800 JavaThread "jar transforms Thread 21" [_thread_blocked, id=7556, stack(0x0000003e7b200000,0x0000003e7b300000)]
  0x00000156c8105800 JavaThread "jar transforms Thread 22" [_thread_blocked, id=3112, stack(0x0000003e7b300000,0x0000003e7b400000)]
  0x00000156c8101800 JavaThread "jar transforms Thread 23" [_thread_blocked, id=6548, stack(0x0000003e7b400000,0x0000003e7b500000)]
  0x00000156c810a800 JavaThread "jar transforms Thread 24" [_thread_blocked, id=6156, stack(0x0000003e7b500000,0x0000003e7b600000)]
  0x00000156c8109000 JavaThread "jar transforms Thread 25" [_thread_blocked, id=4724, stack(0x0000003e7b600000,0x0000003e7b700000)]
  0x00000156c8109800 JavaThread "jar transforms Thread 26" [_thread_blocked, id=5596, stack(0x0000003e7b700000,0x0000003e7b800000)]
  0x00000156c8107000 JavaThread "jar transforms Thread 27" [_thread_blocked, id=10184, stack(0x0000003e7b800000,0x0000003e7b900000)]
  0x00000156c810e000 JavaThread "jar transforms Thread 28" [_thread_blocked, id=8524, stack(0x0000003e7b900000,0x0000003e7ba00000)]
  0x00000156c810b800 JavaThread "jar transforms Thread 29" [_thread_blocked, id=2532, stack(0x0000003e7ba00000,0x0000003e7bb00000)]
  0x00000156c810c000 JavaThread "jar transforms Thread 30" [_thread_blocked, id=7976, stack(0x0000003e7bb00000,0x0000003e7bc00000)]
  0x00000156c810d000 JavaThread "jar transforms Thread 31" [_thread_blocked, id=8600, stack(0x0000003e7bc00000,0x0000003e7bd00000)]
  0x00000156c8108000 JavaThread "jar transforms Thread 32" [_thread_blocked, id=9320, stack(0x0000003e7bd00000,0x0000003e7be00000)]
  0x00000156c810e800 JavaThread "jar transforms Thread 33" [_thread_blocked, id=1312, stack(0x0000003e7be00000,0x0000003e7bf00000)]
  0x00000156c86c0800 JavaThread "jar transforms Thread 34" [_thread_blocked, id=1872, stack(0x0000003e7bf00000,0x0000003e7c000000)]
  0x00000156c86c3000 JavaThread "jar transforms Thread 35" [_thread_blocked, id=9020, stack(0x0000003e7c000000,0x0000003e7c100000)]
  0x00000156c86c1800 JavaThread "jar transforms Thread 36" [_thread_blocked, id=4408, stack(0x0000003e7c100000,0x0000003e7c200000)]
  0x00000156c86c2000 JavaThread "jar transforms Thread 37" [_thread_blocked, id=9764, stack(0x0000003e7c200000,0x0000003e7c300000)]
  0x00000156c86c3800 JavaThread "jar transforms Thread 38" [_thread_blocked, id=3176, stack(0x0000003e7c300000,0x0000003e7c400000)]
  0x00000156c86c4800 JavaThread "jar transforms Thread 39" [_thread_blocked, id=5828, stack(0x0000003e7c400000,0x0000003e7c500000)]
  0x00000156c86bf800 JavaThread "jar transforms Thread 40" [_thread_blocked, id=7844, stack(0x0000003e7c500000,0x0000003e7c600000)]
  0x00000156c86bf000 JavaThread "jar transforms Thread 41" [_thread_blocked, id=4860, stack(0x0000003e7c600000,0x0000003e7c700000)]
  0x00000156c86c6000 JavaThread "jar transforms Thread 42" [_thread_blocked, id=1008, stack(0x0000003e7c700000,0x0000003e7c800000)]
  0x00000156c86c7000 JavaThread "jar transforms Thread 43" [_thread_blocked, id=2236, stack(0x0000003e7c800000,0x0000003e7c900000)]
  0x00000156c86c5800 JavaThread "jar transforms Thread 44" [_thread_blocked, id=8020, stack(0x0000003e7c900000,0x0000003e7ca00000)]
  0x00000156c86c8800 JavaThread "jar transforms Thread 45" [_thread_blocked, id=5308, stack(0x0000003e7ca00000,0x0000003e7cb00000)]
  0x00000156c86c9800 JavaThread "jar transforms Thread 46" [_thread_blocked, id=6604, stack(0x0000003e7cb00000,0x0000003e7cc00000)]
  0x00000156c86cb000 JavaThread "jar transforms Thread 47" [_thread_blocked, id=5600, stack(0x0000003e7cc00000,0x0000003e7cd00000)]
  0x00000156c86cc000 JavaThread "jar transforms Thread 48" [_thread_blocked, id=7376, stack(0x0000003e7cd00000,0x0000003e7ce00000)]
  0x00000156c86c8000 JavaThread "jar transforms Thread 49" [_thread_blocked, id=8620, stack(0x0000003e7ce00000,0x0000003e7cf00000)]
  0x00000156c86cc800 JavaThread "jar transforms Thread 50" [_thread_blocked, id=10168, stack(0x0000003e7cf00000,0x0000003e7d000000)]
  0x00000156c86ca000 JavaThread "jar transforms Thread 51" [_thread_blocked, id=6204, stack(0x0000003e7d000000,0x0000003e7d100000)]
  0x00000156c86cd800 JavaThread "jar transforms Thread 52" [_thread_blocked, id=7400, stack(0x0000003e7d100000,0x0000003e7d200000)]
  0x00000156c8c35000 JavaThread "jar transforms Thread 53" [_thread_blocked, id=8752, stack(0x0000003e7d200000,0x0000003e7d300000)]
  0x00000156c8c31800 JavaThread "jar transforms Thread 54" [_thread_blocked, id=9180, stack(0x0000003e7d300000,0x0000003e7d400000)]
  0x00000156c8c36000 JavaThread "jar transforms Thread 55" [_thread_blocked, id=6764, stack(0x0000003e7d400000,0x0000003e7d500000)]
  0x00000156c8c37800 JavaThread "jar transforms Thread 56" [_thread_blocked, id=8972, stack(0x0000003e7d500000,0x0000003e7d600000)]
  0x00000156c8c36800 JavaThread "jar transforms Thread 57" [_thread_blocked, id=8748, stack(0x0000003e7d600000,0x0000003e7d700000)]
  0x00000156c8c38000 JavaThread "jar transforms Thread 58" [_thread_blocked, id=9196, stack(0x0000003e7d700000,0x0000003e7d800000)]
  0x00000156c8c32800 JavaThread "jar transforms Thread 59" [_thread_blocked, id=9188, stack(0x0000003e7d800000,0x0000003e7d900000)]
  0x00000156c8c39000 JavaThread "jar transforms Thread 60" [_thread_blocked, id=8696, stack(0x0000003e7d900000,0x0000003e7da00000)]
  0x00000156c8c33800 JavaThread "jar transforms Thread 61" [_thread_blocked, id=8968, stack(0x0000003e7da00000,0x0000003e7db00000)]
  0x00000156c8c3a000 JavaThread "jar transforms Thread 62" [_thread_blocked, id=8840, stack(0x0000003e7db00000,0x0000003e7dc00000)]
  0x00000156c8c34000 JavaThread "jar transforms Thread 63" [_thread_blocked, id=9176, stack(0x0000003e7dc00000,0x0000003e7dd00000)]
  0x00000156c8c3b800 JavaThread "jar transforms Thread 64" [_thread_blocked, id=9144, stack(0x0000003e7dd00000,0x0000003e7de00000)]
  0x00000156c8c40800 JavaThread "jar transforms Thread 65" [_thread_blocked, id=9084, stack(0x0000003e7de00000,0x0000003e7df00000)]
  0x00000156c8c3e000 JavaThread "jar transforms Thread 66" [_thread_blocked, id=8900, stack(0x0000003e7df00000,0x0000003e7e000000)]
  0x00000156c8c3a800 JavaThread "jar transforms Thread 67" [_thread_blocked, id=9184, stack(0x0000003e7e000000,0x0000003e7e100000)]
  0x00000156c8c3e800 JavaThread "jar transforms Thread 68" [_thread_blocked, id=1028, stack(0x0000003e7e100000,0x0000003e7e200000)]
  0x00000156c8c3f800 JavaThread "jar transforms Thread 69" [_thread_blocked, id=3048, stack(0x0000003e7e200000,0x0000003e7e300000)]
  0x00000156c8c3c800 JavaThread "jar transforms Thread 70" [_thread_blocked, id=9204, stack(0x0000003e7e300000,0x0000003e7e400000)]
  0x00000156c8c3d000 JavaThread "jar transforms Thread 71" [_thread_blocked, id=3236, stack(0x0000003e7e400000,0x0000003e7e500000)]
  0x00000156c8863800 JavaThread "jar transforms Thread 72" [_thread_blocked, id=8744, stack(0x0000003e7e500000,0x0000003e7e600000)]
  0x00000156c8864800 JavaThread "jar transforms Thread 73" [_thread_blocked, id=6268, stack(0x0000003e7e600000,0x0000003e7e700000)]
  0x00000156c8863000 JavaThread "jar transforms Thread 74" [_thread_blocked, id=7060, stack(0x0000003e7e700000,0x0000003e7e800000)]
  0x00000156c8867000 JavaThread "jar transforms Thread 75" [_thread_blocked, id=7064, stack(0x0000003e7e800000,0x0000003e7e900000)]
  0x00000156c8865800 JavaThread "jar transforms Thread 76" [_thread_blocked, id=8740, stack(0x0000003e7e900000,0x0000003e7ea00000)]
  0x00000156c8866000 JavaThread "jar transforms Thread 77" [_thread_blocked, id=8736, stack(0x0000003e7ea00000,0x0000003e7eb00000)]
  0x00000156c8868000 JavaThread "jar transforms Thread 78" [_thread_blocked, id=8728, stack(0x0000003e7eb00000,0x0000003e7ec00000)]
  0x00000156c8862000 JavaThread "jar transforms Thread 79" [_thread_blocked, id=8732, stack(0x0000003e7ec00000,0x0000003e7ed00000)]
  0x00000156c8868800 JavaThread "jar transforms Thread 80" [_thread_blocked, id=6264, stack(0x0000003e7ed00000,0x0000003e7ee00000)]
  0x00000156c8869800 JavaThread "jar transforms Thread 81" [_thread_blocked, id=6252, stack(0x0000003e7ee00000,0x0000003e7ef00000)]
  0x00000156c886a800 JavaThread "jar transforms Thread 82" [_thread_blocked, id=6236, stack(0x0000003e7ef00000,0x0000003e7f000000)]
  0x00000156c886b000 JavaThread "jar transforms Thread 83" [_thread_blocked, id=6232, stack(0x0000003e7f000000,0x0000003e7f100000)]
  0x00000156c886e800 JavaThread "jar transforms Thread 84" [_thread_blocked, id=6228, stack(0x0000003e7f100000,0x0000003e7f200000)]
  0x00000156c8871000 JavaThread "jar transforms Thread 85" [_thread_blocked, id=5124, stack(0x0000003e7f200000,0x0000003e7f300000)]
  0x00000156c886c000 JavaThread "jar transforms Thread 86" [_thread_blocked, id=7140, stack(0x0000003e7f300000,0x0000003e7f400000)]
  0x00000156c886d800 JavaThread "jar transforms Thread 87" [_thread_blocked, id=9824, stack(0x0000003e7f400000,0x0000003e7f500000)]
  0x00000156c886c800 JavaThread "jar transforms Thread 88" [_thread_blocked, id=5772, stack(0x0000003e7f500000,0x0000003e7f600000)]
  0x00000156c886f000 JavaThread "jar transforms Thread 89" [_thread_blocked, id=5380, stack(0x0000003e7f600000,0x0000003e7f700000)]
  0x00000156c8870000 JavaThread "jar transforms Thread 90" [_thread_blocked, id=8072, stack(0x0000003e7f700000,0x0000003e7f800000)]
  0x00000156c8ab6000 JavaThread "jar transforms Thread 91" [_thread_blocked, id=1724, stack(0x0000003e7f800000,0x0000003e7f900000)]
  0x00000156c8ab7000 JavaThread "jar transforms Thread 92" [_thread_blocked, id=5064, stack(0x0000003e7f900000,0x0000003e7fa00000)]
  0x00000156c8ab3800 JavaThread "jar transforms Thread 93" [_thread_blocked, id=380, stack(0x0000003e7fa00000,0x0000003e7fb00000)]
  0x00000156c8ab3000 JavaThread "jar transforms Thread 94" [_thread_blocked, id=7616, stack(0x0000003e7fb00000,0x0000003e7fc00000)]
  0x00000156c8ab5800 JavaThread "jar transforms Thread 95" [_thread_blocked, id=10124, stack(0x0000003e7fc00000,0x0000003e7fd00000)]
  0x00000156c8ab8000 JavaThread "jar transforms Thread 96" [_thread_blocked, id=2844, stack(0x0000003e7fd00000,0x0000003e7fe00000)]
  0x00000156c8ab2000 JavaThread "jar transforms Thread 97" [_thread_blocked, id=4672, stack(0x0000003e7fe00000,0x0000003e7ff00000)]
  0x00000156c8ab8800 JavaThread "jar transforms Thread 98" [_thread_blocked, id=5672, stack(0x0000003e7ff00000,0x0000003e80000000)]
  0x00000156c8ab9800 JavaThread "jar transforms Thread 99" [_thread_blocked, id=4516, stack(0x0000003e00000000,0x0000003e00100000)]
  0x00000156c8aba000 JavaThread "jar transforms Thread 100" [_thread_blocked, id=756, stack(0x0000003e00100000,0x0000003e00200000)]
  0x00000156c8ab4800 JavaThread "jar transforms Thread 101" [_thread_blocked, id=1000, stack(0x0000003e00200000,0x0000003e00300000)]
  0x00000156c8abe800 JavaThread "jar transforms Thread 102" [_thread_blocked, id=4456, stack(0x0000003e00300000,0x0000003e00400000)]
  0x00000156c8abc000 JavaThread "jar transforms Thread 103" [_thread_blocked, id=5324, stack(0x0000003e00400000,0x0000003e00500000)]
  0x00000156c8ac1000 JavaThread "jar transforms Thread 104" [_thread_blocked, id=2128, stack(0x0000003e00500000,0x0000003e00600000)]
  0x00000156c8abc800 JavaThread "jar transforms Thread 105" [_thread_blocked, id=10048, stack(0x0000003e00600000,0x0000003e00700000)]
  0x00000156c8abd800 JavaThread "jar transforms Thread 106" [_thread_blocked, id=1356, stack(0x0000003e00700000,0x0000003e00800000)]
  0x00000156c8abb000 JavaThread "jar transforms Thread 107" [_thread_blocked, id=2072, stack(0x0000003e00800000,0x0000003e00900000)]
  0x00000156c8abf000 JavaThread "jar transforms Thread 108" [_thread_blocked, id=1092, stack(0x0000003e00900000,0x0000003e00a00000)]
  0x00000156c8ac0000 JavaThread "jar transforms Thread 109" [_thread_blocked, id=7788, stack(0x0000003e00a00000,0x0000003e00b00000)]
  0x00000156c875a000 JavaThread "jar transforms Thread 110" [_thread_blocked, id=4180, stack(0x0000003e00b00000,0x0000003e00c00000)]
  0x00000156c875e000 JavaThread "jar transforms Thread 111" [_thread_blocked, id=2424, stack(0x0000003e00c00000,0x0000003e00d00000)]
  0x00000156c875f800 JavaThread "jar transforms Thread 112" [_thread_blocked, id=1236, stack(0x0000003e00d00000,0x0000003e00e00000)]
  0x00000156c875a800 JavaThread "jar transforms Thread 113" [_thread_blocked, id=4260, stack(0x0000003e00e00000,0x0000003e00f00000)]
  0x00000156c875e800 JavaThread "Cache worker for Build Output Cleanup Cache (C:\Users\Fabi\Desktop\Github Clones\projeto_tarefa_brq\.gradle\buildOutputCleanup)" [_thread_blocked, id=3136, stack(0x0000003e00f00000,0x0000003e01000000)]

Other Threads:
  0x00000156c48e9800 VMThread "VM Thread" [stack: 0x0000003e77700000,0x0000003e77800000] [id=6552]
  0x00000156c52e6000 WatcherThread [stack: 0x0000003e78100000,0x0000003e78200000] [id=5712]
  0x00000156aa6b1000 GCTaskThread "GC Thread#0" [stack: 0x0000003e77200000,0x0000003e77300000] [id=3844]
  0x00000156c5668000 GCTaskThread "GC Thread#1" [stack: 0x0000003e78200000,0x0000003e78300000] [id=5340]
  0x00000156c5b9f000 GCTaskThread "GC Thread#2" [stack: 0x0000003e78300000,0x0000003e78400000] [id=7004]
  0x00000156c5ba0800 GCTaskThread "GC Thread#3" [stack: 0x0000003e78400000,0x0000003e78500000] [id=9116]
  0x00000156aa6e3800 ConcurrentGCThread "G1 Main Marker" [stack: 0x0000003e77300000,0x0000003e77400000] [id=9776]
  0x00000156aa6e7000 ConcurrentGCThread "G1 Conc#0" [stack: 0x0000003e77400000,0x0000003e77500000] [id=7448]
  0x00000156aa77e000 ConcurrentGCThread "G1 Refine#0" [stack: 0x0000003e77500000,0x0000003e77600000] [id=4896]
  0x00000156c473a800 ConcurrentGCThread "G1 Young RemSet Sampling" [stack: 0x0000003e77600000,0x0000003e77700000] [id=4512]

Threads with active compile tasks:
C2 CompilerThread0  19620 4627       4       java.util.jar.JarFile::getManifest (5 bytes)

VM state:not at safepoint (normal execution)

VM Mutex/Monitor currently owned by a thread: None

Heap address: 0x0000000080000000, size: 2048 MB, Compressed Oops mode: 32-bit
Narrow klass base: 0x0000000000000000, Narrow klass shift: 3
Compressed class space size: 1073741824 Address: 0x0000000100000000

Heap:
 garbage-first heap   total 196608K, used 65051K [0x0000000080000000, 0x0000000100000000)
  region size 1024K, 37 young (37888K), 12 survivors (12288K)
 Metaspace       used 51183K, capacity 52474K, committed 52652K, reserved 1095680K
  class space    used 6490K, capacity 6906K, committed 6912K, reserved 1048576K
Heap Regions: E=young(eden), S=young(survivor), O=old, HS=humongous(starts), HC=humongous(continues), CS=collection set, F=free, A=archive, TAMS=top-at-mark-start (previous, next)
|   0|0x0000000080000000, 0x0000000080100000, 0x0000000080100000|100%| O|  |TAMS 0x0000000080100000, 0x0000000080000000| Untracked 
|   1|0x0000000080100000, 0x0000000080200000, 0x0000000080200000|100%| O|  |TAMS 0x0000000080200000, 0x0000000080100000| Untracked 
|   2|0x0000000080200000, 0x0000000080300000, 0x0000000080300000|100%| O|  |TAMS 0x0000000080300000, 0x0000000080200000| Untracked 
|   3|0x0000000080300000, 0x0000000080400000, 0x0000000080400000|100%|HS|  |TAMS 0x0000000080400000, 0x0000000080300000| Complete 
|   4|0x0000000080400000, 0x0000000080500000, 0x0000000080500000|100%|HC|  |TAMS 0x0000000080500000, 0x0000000080400000| Complete 
|   5|0x0000000080500000, 0x0000000080600000, 0x0000000080600000|100%|HC|  |TAMS 0x0000000080600000, 0x0000000080500000| Complete 
|   6|0x0000000080600000, 0x0000000080700000, 0x0000000080700000|100%| O|  |TAMS 0x0000000080700000, 0x0000000080600000| Untracked 
|   7|0x0000000080700000, 0x0000000080800000, 0x0000000080800000|100%| O|  |TAMS 0x0000000080800000, 0x0000000080700000| Untracked 
|   8|0x0000000080800000, 0x0000000080900000, 0x0000000080900000|100%| O|  |TAMS 0x0000000080900000, 0x0000000080800000| Untracked 
|   9|0x0000000080900000, 0x0000000080a00000, 0x0000000080a00000|100%| O|  |TAMS 0x0000000080a00000, 0x0000000080900000| Untracked 
|  10|0x0000000080a00000, 0x0000000080b00000, 0x0000000080b00000|100%|HS|  |TAMS 0x0000000080a00000, 0x0000000080a00000| Complete 
|  11|0x0000000080b00000, 0x0000000080c00000, 0x0000000080c00000|100%| O|  |TAMS 0x0000000080c00000, 0x0000000080b00000| Untracked 
|  12|0x0000000080c00000, 0x0000000080d00000, 0x0000000080d00000|100%| O|  |TAMS 0x0000000080d00000, 0x0000000080c00000| Untracked 
|  13|0x0000000080d00000, 0x0000000080e00000, 0x0000000080e00000|100%| O|  |TAMS 0x0000000080e00000, 0x0000000080d00000| Untracked 
|  14|0x0000000080e00000, 0x0000000080f00000, 0x0000000080f00000|100%| O|  |TAMS 0x0000000080e2a600, 0x0000000080e00000| Untracked 
|  15|0x0000000080f00000, 0x0000000081000000, 0x0000000081000000|100%|HS|  |TAMS 0x0000000080f00000, 0x0000000080f00000| Complete 
|  16|0x0000000081000000, 0x0000000081100000, 0x0000000081100000|100%|HC|  |TAMS 0x0000000081000000, 0x0000000081000000| Complete 
|  17|0x0000000081100000, 0x0000000081200000, 0x0000000081200000|100%| O|  |TAMS 0x0000000081100000, 0x0000000081100000| Untracked 
|  18|0x0000000081200000, 0x0000000081300000, 0x0000000081300000|100%| O|  |TAMS 0x0000000081200000, 0x0000000081200000| Untracked 
|  19|0x0000000081300000, 0x0000000081400000, 0x0000000081400000|100%|HS|  |TAMS 0x0000000081300000, 0x0000000081300000| Complete 
|  20|0x0000000081400000, 0x0000000081500000, 0x0000000081500000|100%|HC|  |TAMS 0x0000000081400000, 0x0000000081400000| Complete 
|  21|0x0000000081500000, 0x0000000081600000, 0x0000000081600000|100%|HC|  |TAMS 0x0000000081500000, 0x0000000081500000| Complete 
|  22|0x0000000081600000, 0x0000000081700000, 0x0000000081700000|100%| O|  |TAMS 0x0000000081600000, 0x0000000081600000| Untracked 
|  23|0x0000000081700000, 0x0000000081800000, 0x0000000081800000|100%| O|  |TAMS 0x0000000081700000, 0x0000000081700000| Untracked 
|  24|0x0000000081800000, 0x0000000081900000, 0x0000000081900000|100%| O|  |TAMS 0x0000000081800000, 0x0000000081800000| Untracked 
|  25|0x0000000081900000, 0x0000000081a00000, 0x0000000081a00000|100%| O|  |TAMS 0x0000000081900000, 0x0000000081900000| Untracked 
|  26|0x0000000081a00000, 0x0000000081b00000, 0x0000000081b00000|100%| O|  |TAMS 0x0000000081a00000, 0x0000000081a00000| Untracked 
|  27|0x0000000081b00000, 0x0000000081b86c00, 0x0000000081c00000| 52%| O|  |TAMS 0x0000000081b00000, 0x0000000081b00000| Untracked 
|  28|0x0000000081c00000, 0x0000000081c00000, 0x0000000081d00000|  0%| F|  |TAMS 0x0000000081c00000, 0x0000000081c00000| Untracked 
|  29|0x0000000081d00000, 0x0000000081d00000, 0x0000000081e00000|  0%| F|  |TAMS 0x0000000081d00000, 0x0000000081d00000| Untracked 
|  30|0x0000000081e00000, 0x0000000081e00000, 0x0000000081f00000|  0%| F|  |TAMS 0x0000000081e00000, 0x0000000081e00000| Untracked 
|  31|0x0000000081f00000, 0x0000000081f00000, 0x0000000082000000|  0%| F|  |TAMS 0x0000000081f00000, 0x0000000081f00000| Untracked 
|  32|0x0000000082000000, 0x0000000082000000, 0x0000000082100000|  0%| F|  |TAMS 0x0000000082000000, 0x0000000082000000| Untracked 
|  33|0x0000000082100000, 0x0000000082100000, 0x0000000082200000|  0%| F|  |TAMS 0x0000000082100000, 0x0000000082100000| Untracked 
|  34|0x0000000082200000, 0x0000000082200000, 0x0000000082300000|  0%| F|  |TAMS 0x0000000082200000, 0x0000000082200000| Untracked 
|  35|0x0000000082300000, 0x0000000082300000, 0x0000000082400000|  0%| F|  |TAMS 0x0000000082300000, 0x0000000082300000| Untracked 
|  36|0x0000000082400000, 0x0000000082400000, 0x0000000082500000|  0%| F|  |TAMS 0x0000000082400000, 0x0000000082400000| Untracked 
|  37|0x0000000082500000, 0x0000000082500000, 0x0000000082600000|  0%| F|  |TAMS 0x0000000082500000, 0x0000000082500000| Untracked 
|  38|0x0000000082600000, 0x0000000082600000, 0x0000000082700000|  0%| F|  |TAMS 0x0000000082600000, 0x0000000082600000| Untracked 
|  39|0x0000000082700000, 0x0000000082700000, 0x0000000082800000|  0%| F|  |TAMS 0x0000000082700000, 0x0000000082700000| Untracked 
|  40|0x0000000082800000, 0x0000000082800000, 0x0000000082900000|  0%| F|  |TAMS 0x0000000082800000, 0x0000000082800000| Untracked 
|  41|0x0000000082900000, 0x0000000082900000, 0x0000000082a00000|  0%| F|  |TAMS 0x0000000082900000, 0x0000000082900000| Untracked 
|  42|0x0000000082a00000, 0x0000000082a00000, 0x0000000082b00000|  0%| F|  |TAMS 0x0000000082a00000, 0x0000000082a00000| Untracked 
|  43|0x0000000082b00000, 0x0000000082b00000, 0x0000000082c00000|  0%| F|  |TAMS 0x0000000082b00000, 0x0000000082b00000| Untracked 
|  44|0x0000000082c00000, 0x0000000082c00000, 0x0000000082d00000|  0%| F|  |TAMS 0x0000000082c00000, 0x0000000082c00000| Untracked 
|  45|0x0000000082d00000, 0x0000000082d00000, 0x0000000082e00000|  0%| F|  |TAMS 0x0000000082d00000, 0x0000000082d00000| Untracked 
|  46|0x0000000082e00000, 0x0000000082e00000, 0x0000000082f00000|  0%| F|  |TAMS 0x0000000082e00000, 0x0000000082e00000| Untracked 
|  47|0x0000000082f00000, 0x0000000082f00000, 0x0000000083000000|  0%| F|  |TAMS 0x0000000082f00000, 0x0000000082f00000| Untracked 
|  48|0x0000000083000000, 0x0000000083000000, 0x0000000083100000|  0%| F|  |TAMS 0x0000000083000000, 0x0000000083000000| Untracked 
|  49|0x0000000083100000, 0x0000000083100000, 0x0000000083200000|  0%| F|  |TAMS 0x0000000083100000, 0x0000000083100000| Untracked 
|  50|0x0000000083200000, 0x0000000083200000, 0x0000000083300000|  0%| F|  |TAMS 0x0000000083200000, 0x0000000083200000| Untracked 
|  51|0x0000000083300000, 0x0000000083300000, 0x0000000083400000|  0%| F|  |TAMS 0x0000000083300000, 0x0000000083300000| Untracked 
|  52|0x0000000083400000, 0x0000000083400000, 0x0000000083500000|  0%| F|  |TAMS 0x0000000083400000, 0x0000000083400000| Untracked 
|  53|0x0000000083500000, 0x0000000083500000, 0x0000000083600000|  0%| F|  |TAMS 0x0000000083500000, 0x0000000083500000| Untracked 
|  54|0x0000000083600000, 0x0000000083600000, 0x0000000083700000|  0%| F|  |TAMS 0x0000000083600000, 0x0000000083600000| Untracked 
|  55|0x0000000083700000, 0x0000000083700000, 0x0000000083800000|  0%| F|  |TAMS 0x0000000083700000, 0x0000000083700000| Untracked 
|  56|0x0000000083800000, 0x0000000083800000, 0x0000000083900000|  0%| F|  |TAMS 0x0000000083800000, 0x0000000083800000| Untracked 
|  57|0x0000000083900000, 0x0000000083900000, 0x0000000083a00000|  0%| F|  |TAMS 0x0000000083900000, 0x0000000083900000| Untracked 
|  58|0x0000000083a00000, 0x0000000083a00000, 0x0000000083b00000|  0%| F|  |TAMS 0x0000000083a00000, 0x0000000083a00000| Untracked 
|  59|0x0000000083b00000, 0x0000000083b00000, 0x0000000083c00000|  0%| F|  |TAMS 0x0000000083b00000, 0x0000000083b00000| Untracked 
|  60|0x0000000083c00000, 0x0000000083c00000, 0x0000000083d00000|  0%| F|  |TAMS 0x0000000083c00000, 0x0000000083c00000| Untracked 
|  61|0x0000000083d00000, 0x0000000083d00000, 0x0000000083e00000|  0%| F|  |TAMS 0x0000000083d00000, 0x0000000083d00000| Untracked 
|  62|0x0000000083e00000, 0x0000000083e00000, 0x0000000083f00000|  0%| F|  |TAMS 0x0000000083e00000, 0x0000000083e00000| Untracked 
|  63|0x0000000083f00000, 0x0000000083f00000, 0x0000000084000000|  0%| F|  |TAMS 0x0000000083f00000, 0x0000000083f00000| Untracked 
|  64|0x0000000084000000, 0x0000000084000000, 0x0000000084100000|  0%| F|  |TAMS 0x0000000084000000, 0x0000000084000000| Untracked 
|  65|0x0000000084100000, 0x0000000084100000, 0x0000000084200000|  0%| F|  |TAMS 0x0000000084100000, 0x0000000084100000| Untracked 
|  66|0x0000000084200000, 0x0000000084200000, 0x0000000084300000|  0%| F|  |TAMS 0x0000000084200000, 0x0000000084200000| Untracked 
|  67|0x0000000084300000, 0x0000000084300000, 0x0000000084400000|  0%| F|  |TAMS 0x0000000084300000, 0x0000000084300000| Untracked 
|  68|0x0000000084400000, 0x0000000084400000, 0x0000000084500000|  0%| F|  |TAMS 0x0000000084400000, 0x0000000084400000| Untracked 
|  69|0x0000000084500000, 0x0000000084500000, 0x0000000084600000|  0%| F|  |TAMS 0x0000000084500000, 0x0000000084500000| Untracked 
|  70|0x0000000084600000, 0x0000000084600000, 0x0000000084700000|  0%| F|  |TAMS 0x0000000084600000, 0x0000000084600000| Untracked 
|  71|0x0000000084700000, 0x0000000084700000, 0x0000000084800000|  0%| F|  |TAMS 0x0000000084700000, 0x0000000084700000| Untracked 
|  72|0x0000000084800000, 0x0000000084800000, 0x0000000084900000|  0%| F|  |TAMS 0x0000000084800000, 0x0000000084800000| Untracked 
|  73|0x0000000084900000, 0x0000000084900000, 0x0000000084a00000|  0%| F|  |TAMS 0x0000000084900000, 0x0000000084900000| Untracked 
|  74|0x0000000084a00000, 0x0000000084a00000, 0x0000000084b00000|  0%| F|  |TAMS 0x0000000084a00000, 0x0000000084a00000| Untracked 
|  75|0x0000000084b00000, 0x0000000084b00000, 0x0000000084c00000|  0%| F|  |TAMS 0x0000000084b00000, 0x0000000084b00000| Untracked 
|  76|0x0000000084c00000, 0x0000000084c00000, 0x0000000084d00000|  0%| F|  |TAMS 0x0000000084c00000, 0x0000000084c00000| Untracked 
|  77|0x0000000084d00000, 0x0000000084d00000, 0x0000000084e00000|  0%| F|  |TAMS 0x0000000084d00000, 0x0000000084d00000| Untracked 
|  78|0x0000000084e00000, 0x0000000084e00000, 0x0000000084f00000|  0%| F|  |TAMS 0x0000000084e00000, 0x0000000084e00000| Untracked 
|  79|0x0000000084f00000, 0x0000000084f00000, 0x0000000085000000|  0%| F|  |TAMS 0x0000000084f00000, 0x0000000084f00000| Untracked 
|  80|0x0000000085000000, 0x0000000085000000, 0x0000000085100000|  0%| F|  |TAMS 0x0000000085000000, 0x0000000085000000| Untracked 
|  81|0x0000000085100000, 0x0000000085100000, 0x0000000085200000|  0%| F|  |TAMS 0x0000000085100000, 0x0000000085100000| Untracked 
|  82|0x0000000085200000, 0x0000000085200000, 0x0000000085300000|  0%| F|  |TAMS 0x0000000085200000, 0x0000000085200000| Untracked 
|  83|0x0000000085300000, 0x0000000085300000, 0x0000000085400000|  0%| F|  |TAMS 0x0000000085300000, 0x0000000085300000| Untracked 
|  84|0x0000000085400000, 0x0000000085400000, 0x0000000085500000|  0%| F|  |TAMS 0x0000000085400000, 0x0000000085400000| Untracked 
|  85|0x0000000085500000, 0x0000000085500000, 0x0000000085600000|  0%| F|  |TAMS 0x0000000085500000, 0x0000000085500000| Untracked 
|  86|0x0000000085600000, 0x0000000085700000, 0x0000000085700000|100%| S|CS|TAMS 0x0000000085600000, 0x0000000085600000| Complete 
|  87|0x0000000085700000, 0x0000000085800000, 0x0000000085800000|100%| S|CS|TAMS 0x0000000085700000, 0x0000000085700000| Complete 
|  88|0x0000000085800000, 0x0000000085900000, 0x0000000085900000|100%| S|CS|TAMS 0x0000000085800000, 0x0000000085800000| Complete 
|  89|0x0000000085900000, 0x0000000085a00000, 0x0000000085a00000|100%| S|CS|TAMS 0x0000000085900000, 0x0000000085900000| Complete 
|  90|0x0000000085a00000, 0x0000000085b00000, 0x0000000085b00000|100%| S|CS|TAMS 0x0000000085a00000, 0x0000000085a00000| Complete 
|  91|0x0000000085b00000, 0x0000000085c00000, 0x0000000085c00000|100%| S|CS|TAMS 0x0000000085b00000, 0x0000000085b00000| Complete 
|  92|0x0000000085c00000, 0x0000000085d00000, 0x0000000085d00000|100%| S|CS|TAMS 0x0000000085c00000, 0x0000000085c00000| Complete 
|  93|0x0000000085d00000, 0x0000000085e00000, 0x0000000085e00000|100%| S|CS|TAMS 0x0000000085d00000, 0x0000000085d00000| Complete 
|  94|0x0000000085e00000, 0x0000000085f00000, 0x0000000085f00000|100%| S|CS|TAMS 0x0000000085e00000, 0x0000000085e00000| Complete 
|  95|0x0000000085f00000, 0x0000000086000000, 0x0000000086000000|100%| S|CS|TAMS 0x0000000085f00000, 0x0000000085f00000| Complete 
|  96|0x0000000086000000, 0x0000000086100000, 0x0000000086100000|100%| S|CS|TAMS 0x0000000086000000, 0x0000000086000000| Complete 
|  97|0x0000000086100000, 0x0000000086200000, 0x0000000086200000|100%| S|CS|TAMS 0x0000000086100000, 0x0000000086100000| Complete 
|  98|0x0000000086200000, 0x0000000086200000, 0x0000000086300000|  0%| F|  |TAMS 0x0000000086200000, 0x0000000086200000| Untracked 
|  99|0x0000000086300000, 0x0000000086300000, 0x0000000086400000|  0%| F|  |TAMS 0x0000000086300000, 0x0000000086300000| Untracked 
| 100|0x0000000086400000, 0x0000000086400000, 0x0000000086500000|  0%| F|  |TAMS 0x0000000086400000, 0x0000000086400000| Untracked 
| 101|0x0000000086500000, 0x0000000086500000, 0x0000000086600000|  0%| F|  |TAMS 0x0000000086500000, 0x0000000086500000| Untracked 
| 102|0x0000000086600000, 0x0000000086600000, 0x0000000086700000|  0%| F|  |TAMS 0x0000000086600000, 0x0000000086600000| Untracked 
| 103|0x0000000086700000, 0x0000000086700000, 0x0000000086800000|  0%| F|  |TAMS 0x0000000086700000, 0x0000000086700000| Untracked 
| 104|0x0000000086800000, 0x0000000086800000, 0x0000000086900000|  0%| F|  |TAMS 0x0000000086800000, 0x0000000086800000| Untracked 
| 105|0x0000000086900000, 0x0000000086900000, 0x0000000086a00000|  0%| F|  |TAMS 0x0000000086900000, 0x0000000086900000| Untracked 
| 106|0x0000000086a00000, 0x0000000086a00000, 0x0000000086b00000|  0%| F|  |TAMS 0x0000000086a00000, 0x0000000086a00000| Untracked 
| 107|0x0000000086b00000, 0x0000000086b00000, 0x0000000086c00000|  0%| F|  |TAMS 0x0000000086b00000, 0x0000000086b00000| Untracked 
| 108|0x0000000086c00000, 0x0000000086c00000, 0x0000000086d00000|  0%| F|  |TAMS 0x0000000086c00000, 0x0000000086c00000| Untracked 
| 109|0x0000000086d00000, 0x0000000086d00000, 0x0000000086e00000|  0%| F|  |TAMS 0x0000000086d00000, 0x0000000086d00000| Untracked 
| 110|0x0000000086e00000, 0x0000000086e00000, 0x0000000086f00000|  0%| F|  |TAMS 0x0000000086e00000, 0x0000000086e00000| Untracked 
| 111|0x0000000086f00000, 0x0000000086f00000, 0x0000000087000000|  0%| F|  |TAMS 0x0000000086f00000, 0x0000000086f00000| Untracked 
| 112|0x0000000087000000, 0x0000000087000000, 0x0000000087100000|  0%| F|  |TAMS 0x0000000087000000, 0x0000000087000000| Untracked 
| 113|0x0000000087100000, 0x0000000087100000, 0x0000000087200000|  0%| F|  |TAMS 0x0000000087100000, 0x0000000087100000| Untracked 
| 114|0x0000000087200000, 0x0000000087200000, 0x0000000087300000|  0%| F|  |TAMS 0x0000000087200000, 0x0000000087200000| Untracked 
| 115|0x0000000087300000, 0x0000000087300000, 0x0000000087400000|  0%| F|  |TAMS 0x0000000087300000, 0x0000000087300000| Untracked 
| 116|0x0000000087400000, 0x0000000087400000, 0x0000000087500000|  0%| F|  |TAMS 0x0000000087400000, 0x0000000087400000| Untracked 
| 117|0x0000000087500000, 0x0000000087500000, 0x0000000087600000|  0%| F|  |TAMS 0x0000000087500000, 0x0000000087500000| Untracked 
| 118|0x0000000087600000, 0x0000000087600000, 0x0000000087700000|  0%| F|  |TAMS 0x0000000087600000, 0x0000000087600000| Untracked 
| 119|0x0000000087700000, 0x0000000087700000, 0x0000000087800000|  0%| F|  |TAMS 0x0000000087700000, 0x0000000087700000| Untracked 
| 120|0x0000000087800000, 0x0000000087800000, 0x0000000087900000|  0%| F|  |TAMS 0x0000000087800000, 0x0000000087800000| Untracked 
| 121|0x0000000087900000, 0x0000000087900000, 0x0000000087a00000|  0%| F|  |TAMS 0x0000000087900000, 0x0000000087900000| Untracked 
| 122|0x0000000087a00000, 0x0000000087a00000, 0x0000000087b00000|  0%| F|  |TAMS 0x0000000087a00000, 0x0000000087a00000| Untracked 
| 123|0x0000000087b00000, 0x0000000087b00000, 0x0000000087c00000|  0%| F|  |TAMS 0x0000000087b00000, 0x0000000087b00000| Untracked 
| 124|0x0000000087c00000, 0x0000000087c00000, 0x0000000087d00000|  0%| F|  |TAMS 0x0000000087c00000, 0x0000000087c00000| Untracked 
| 125|0x0000000087d00000, 0x0000000087d00000, 0x0000000087e00000|  0%| F|  |TAMS 0x0000000087d00000, 0x0000000087d00000| Untracked 
| 126|0x0000000087e00000, 0x0000000087e00000, 0x0000000087f00000|  0%| F|  |TAMS 0x0000000087e00000, 0x0000000087e00000| Untracked 
| 127|0x0000000087f00000, 0x0000000087f00000, 0x0000000088000000|  0%| F|  |TAMS 0x0000000087f00000, 0x0000000087f00000| Untracked 
| 128|0x0000000088000000, 0x0000000088000000, 0x0000000088100000|  0%| F|  |TAMS 0x0000000088000000, 0x0000000088000000| Untracked 
| 129|0x0000000088100000, 0x0000000088100000, 0x0000000088200000|  0%| F|  |TAMS 0x0000000088100000, 0x0000000088100000| Untracked 
| 130|0x0000000088200000, 0x0000000088200000, 0x0000000088300000|  0%| F|  |TAMS 0x0000000088200000, 0x0000000088200000| Untracked 
| 131|0x0000000088300000, 0x0000000088300000, 0x0000000088400000|  0%| F|  |TAMS 0x0000000088300000, 0x0000000088300000| Untracked 
| 132|0x0000000088400000, 0x0000000088400000, 0x0000000088500000|  0%| F|  |TAMS 0x0000000088400000, 0x0000000088400000| Untracked 
| 133|0x0000000088500000, 0x0000000088500000, 0x0000000088600000|  0%| F|  |TAMS 0x0000000088500000, 0x0000000088500000| Untracked 
| 134|0x0000000088600000, 0x0000000088600000, 0x0000000088700000|  0%| F|  |TAMS 0x0000000088600000, 0x0000000088600000| Untracked 
| 135|0x0000000088700000, 0x0000000088700000, 0x0000000088800000|  0%| F|  |TAMS 0x0000000088700000, 0x0000000088700000| Untracked 
| 136|0x0000000088800000, 0x0000000088800000, 0x0000000088900000|  0%| F|  |TAMS 0x0000000088800000, 0x0000000088800000| Untracked 
| 137|0x0000000088900000, 0x0000000088900000, 0x0000000088a00000|  0%| F|  |TAMS 0x0000000088900000, 0x0000000088900000| Untracked 
| 138|0x0000000088a00000, 0x0000000088a00000, 0x0000000088b00000|  0%| F|  |TAMS 0x0000000088a00000, 0x0000000088a00000| Untracked 
| 139|0x0000000088b00000, 0x0000000088b00000, 0x0000000088c00000|  0%| F|  |TAMS 0x0000000088b00000, 0x0000000088b00000| Untracked 
| 140|0x0000000088c00000, 0x0000000088c00000, 0x0000000088d00000|  0%| F|  |TAMS 0x0000000088c00000, 0x0000000088c00000| Untracked 
| 141|0x0000000088d00000, 0x0000000088d00000, 0x0000000088e00000|  0%| F|  |TAMS 0x0000000088d00000, 0x0000000088d00000| Untracked 
| 142|0x0000000088e00000, 0x0000000088e00000, 0x0000000088f00000|  0%| F|  |TAMS 0x0000000088e00000, 0x0000000088e00000| Untracked 
| 143|0x0000000088f00000, 0x0000000088f00000, 0x0000000089000000|  0%| F|  |TAMS 0x0000000088f00000, 0x0000000088f00000| Untracked 
| 144|0x0000000089000000, 0x0000000089000000, 0x0000000089100000|  0%| F|  |TAMS 0x0000000089000000, 0x0000000089000000| Untracked 
| 145|0x0000000089100000, 0x0000000089100000, 0x0000000089200000|  0%| F|  |TAMS 0x0000000089100000, 0x0000000089100000| Untracked 
| 146|0x0000000089200000, 0x0000000089200000, 0x0000000089300000|  0%| F|  |TAMS 0x0000000089200000, 0x0000000089200000| Untracked 
| 147|0x0000000089300000, 0x0000000089300000, 0x0000000089400000|  0%| F|  |TAMS 0x0000000089300000, 0x0000000089300000| Untracked 
| 148|0x0000000089400000, 0x0000000089400000, 0x0000000089500000|  0%| F|  |TAMS 0x0000000089400000, 0x0000000089400000| Untracked 
| 149|0x0000000089500000, 0x0000000089500000, 0x0000000089600000|  0%| F|  |TAMS 0x0000000089500000, 0x0000000089500000| Untracked 
| 150|0x0000000089600000, 0x0000000089600000, 0x0000000089700000|  0%| F|  |TAMS 0x0000000089600000, 0x0000000089600000| Untracked 
| 151|0x0000000089700000, 0x0000000089700000, 0x0000000089800000|  0%| F|  |TAMS 0x0000000089700000, 0x0000000089700000| Untracked 
| 152|0x0000000089800000, 0x0000000089800000, 0x0000000089900000|  0%| F|  |TAMS 0x0000000089800000, 0x0000000089800000| Untracked 
| 153|0x0000000089900000, 0x0000000089900000, 0x0000000089a00000|  0%| F|  |TAMS 0x0000000089900000, 0x0000000089900000| Untracked 
| 154|0x0000000089a00000, 0x0000000089a00000, 0x0000000089b00000|  0%| F|  |TAMS 0x0000000089a00000, 0x0000000089a00000| Untracked 
| 155|0x0000000089b00000, 0x0000000089b00000, 0x0000000089c00000|  0%| F|  |TAMS 0x0000000089b00000, 0x0000000089b00000| Untracked 
| 156|0x0000000089c00000, 0x0000000089c00000, 0x0000000089d00000|  0%| F|  |TAMS 0x0000000089c00000, 0x0000000089c00000| Untracked 
| 157|0x0000000089d00000, 0x0000000089d00000, 0x0000000089e00000|  0%| F|  |TAMS 0x0000000089d00000, 0x0000000089d00000| Untracked 
| 158|0x0000000089e00000, 0x0000000089e00000, 0x0000000089f00000|  0%| F|  |TAMS 0x0000000089e00000, 0x0000000089e00000| Untracked 
| 159|0x0000000089f00000, 0x0000000089f00000, 0x000000008a000000|  0%| F|  |TAMS 0x0000000089f00000, 0x0000000089f00000| Untracked 
| 160|0x000000008a000000, 0x000000008a000000, 0x000000008a100000|  0%| F|  |TAMS 0x000000008a000000, 0x000000008a000000| Untracked 
| 161|0x000000008a100000, 0x000000008a100000, 0x000000008a200000|  0%| F|  |TAMS 0x000000008a100000, 0x000000008a100000| Untracked 
| 162|0x000000008a200000, 0x000000008a200000, 0x000000008a300000|  0%| F|  |TAMS 0x000000008a200000, 0x000000008a200000| Untracked 
| 163|0x000000008a300000, 0x000000008a300000, 0x000000008a400000|  0%| F|  |TAMS 0x000000008a300000, 0x000000008a300000| Untracked 
| 164|0x000000008a400000, 0x000000008a400000, 0x000000008a500000|  0%| F|  |TAMS 0x000000008a400000, 0x000000008a400000| Untracked 
| 165|0x000000008a500000, 0x000000008a500000, 0x000000008a600000|  0%| F|  |TAMS 0x000000008a500000, 0x000000008a500000| Untracked 
| 166|0x000000008a600000, 0x000000008a600000, 0x000000008a700000|  0%| F|  |TAMS 0x000000008a600000, 0x000000008a600000| Untracked 
| 167|0x000000008a700000, 0x000000008a800000, 0x000000008a800000|100%| E|  |TAMS 0x000000008a700000, 0x000000008a700000| Complete 
| 168|0x000000008a800000, 0x000000008a900000, 0x000000008a900000|100%| E|CS|TAMS 0x000000008a800000, 0x000000008a800000| Complete 
| 169|0x000000008a900000, 0x000000008aa00000, 0x000000008aa00000|100%| E|CS|TAMS 0x000000008a900000, 0x000000008a900000| Complete 
| 170|0x000000008aa00000, 0x000000008ab00000, 0x000000008ab00000|100%| E|CS|TAMS 0x000000008aa00000, 0x000000008aa00000| Complete 
| 171|0x000000008ab00000, 0x000000008ac00000, 0x000000008ac00000|100%| E|CS|TAMS 0x000000008ab00000, 0x000000008ab00000| Complete 
| 172|0x000000008ac00000, 0x000000008ad00000, 0x000000008ad00000|100%| E|CS|TAMS 0x000000008ac00000, 0x000000008ac00000| Complete 
| 173|0x000000008ad00000, 0x000000008ae00000, 0x000000008ae00000|100%| E|CS|TAMS 0x000000008ad00000, 0x000000008ad00000| Complete 
| 174|0x000000008ae00000, 0x000000008af00000, 0x000000008af00000|100%| E|CS|TAMS 0x000000008ae00000, 0x000000008ae00000| Complete 
| 175|0x000000008af00000, 0x000000008b000000, 0x000000008b000000|100%| E|CS|TAMS 0x000000008af00000, 0x000000008af00000| Complete 
| 176|0x000000008b000000, 0x000000008b100000, 0x000000008b100000|100%| E|CS|TAMS 0x000000008b000000, 0x000000008b000000| Complete 
| 177|0x000000008b100000, 0x000000008b200000, 0x000000008b200000|100%| E|CS|TAMS 0x000000008b100000, 0x000000008b100000| Complete 
| 178|0x000000008b200000, 0x000000008b300000, 0x000000008b300000|100%| E|CS|TAMS 0x000000008b200000, 0x000000008b200000| Complete 
| 179|0x000000008b300000, 0x000000008b400000, 0x000000008b400000|100%| E|CS|TAMS 0x000000008b300000, 0x000000008b300000| Complete 
| 180|0x000000008b400000, 0x000000008b500000, 0x000000008b500000|100%| E|CS|TAMS 0x000000008b400000, 0x000000008b400000| Complete 
| 181|0x000000008b500000, 0x000000008b600000, 0x000000008b600000|100%| E|CS|TAMS 0x000000008b500000, 0x000000008b500000| Complete 
| 182|0x000000008b600000, 0x000000008b700000, 0x000000008b700000|100%| E|CS|TAMS 0x000000008b600000, 0x000000008b600000| Complete 
| 183|0x000000008b700000, 0x000000008b800000, 0x000000008b800000|100%| E|CS|TAMS 0x000000008b700000, 0x000000008b700000| Complete 
| 184|0x000000008b800000, 0x000000008b900000, 0x000000008b900000|100%| E|CS|TAMS 0x000000008b800000, 0x000000008b800000| Complete 
| 185|0x000000008b900000, 0x000000008ba00000, 0x000000008ba00000|100%| E|CS|TAMS 0x000000008b900000, 0x000000008b900000| Complete 
| 186|0x000000008ba00000, 0x000000008bb00000, 0x000000008bb00000|100%| E|CS|TAMS 0x000000008ba00000, 0x000000008ba00000| Complete 
| 187|0x000000008bb00000, 0x000000008bc00000, 0x000000008bc00000|100%| E|CS|TAMS 0x000000008bb00000, 0x000000008bb00000| Complete 
| 188|0x000000008bc00000, 0x000000008bd00000, 0x000000008bd00000|100%| E|CS|TAMS 0x000000008bc00000, 0x000000008bc00000| Complete 
| 189|0x000000008bd00000, 0x000000008be00000, 0x000000008be00000|100%| E|CS|TAMS 0x000000008bd00000, 0x000000008bd00000| Complete 
| 190|0x000000008be00000, 0x000000008bf00000, 0x000000008bf00000|100%| E|CS|TAMS 0x000000008be00000, 0x000000008be00000| Complete 
| 191|0x000000008bf00000, 0x000000008c000000, 0x000000008c000000|100%| E|CS|TAMS 0x000000008bf00000, 0x000000008bf00000| Complete 

Card table byte_map: [0x00000156bda80000,0x00000156bde80000] _byte_map_base: 0x00000156bd680000

Marking Bits (Prev, Next): (CMBitMap*) 0x00000156aa6daba8, (CMBitMap*) 0x00000156aa6dabe0
 Prev Bits: [0x00000156be280000, 0x00000156c0280000)
 Next Bits: [0x00000156c0280000, 0x00000156c2280000)

Polling page: 0x00000156aa780000

Metaspace:

Usage:
  Non-class:     44.50 MB capacity,    43.68 MB ( 98%) used,   730.21 KB (  2%) free+waste,   110.69 KB ( <1%) overhead. 
      Class:      6.74 MB capacity,     6.34 MB ( 94%) used,   360.45 KB (  5%) free+waste,    52.50 KB ( <1%) overhead. 
       Both:     51.24 MB capacity,    50.02 MB ( 98%) used,     1.07 MB (  2%) free+waste,   163.19 KB ( <1%) overhead. 

Virtual space:
  Non-class space:       46.00 MB reserved,      44.67 MB ( 97%) committed 
      Class space:        1.00 GB reserved,       6.75 MB ( <1%) committed 
             Both:        1.04 GB reserved,      51.42 MB (  5%) committed 

Chunk freelists:
   Non-Class:  44.00 KB
       Class:  6.00 KB
        Both:  50.00 KB

MaxMetaspaceSize: 17179869184.00 GB
CompressedClassSpaceSize: 1.00 GB

CodeHeap 'non-profiled nmethods': size=120064Kb used=2134Kb max_used=2134Kb free=117929Kb
 bounds [0x00000156b5b00000, 0x00000156b5d70000, 0x00000156bd040000]
CodeHeap 'profiled nmethods': size=120000Kb used=9373Kb max_used=9373Kb free=110626Kb
 bounds [0x00000156ae5d0000, 0x00000156aef00000, 0x00000156b5b00000]
CodeHeap 'non-nmethods': size=5696Kb used=2217Kb max_used=2237Kb free=3478Kb
 bounds [0x00000156ae040000, 0x00000156ae2b0000, 0x00000156ae5d0000]
 total_blobs=5217 nmethods=4429 adapters=698
 compilation: enabled
              stopped_count=0, restarted_count=0
 full_count=0

Compilation events (20 events):
Event: 19.412 Thread 0x00000156c490b000 nmethod 4574 0x00000156b5d14e10 code [0x00000156b5d14fa0, 0x00000156b5d15028]
Event: 19.422 Thread 0x00000156c5157800 4617       3       kotlin.jvm.internal.Lambda::<init> (10 bytes)
Event: 19.423 Thread 0x00000156c5157800 nmethod 4617 0x00000156aeef5210 code [0x00000156aeef53c0, 0x00000156aeef5518]
Event: 19.432 Thread 0x00000156c490b000 4618       4       jdk.internal.loader.BuiltinClassLoader::loadClass (22 bytes)
Event: 19.434 Thread 0x00000156c490b000 nmethod 4618 0x00000156b5d15110 code [0x00000156b5d152c0, 0x00000156b5d153f8]
Event: 19.504 Thread 0x00000156c5157800 4619   !   3       java.lang.Class::desiredAssertionStatus (54 bytes)
Event: 19.504 Thread 0x00000156c5157800 nmethod 4619 0x00000156aeef5610 code [0x00000156aeef5820, 0x00000156aeef5db8]
Event: 19.507 Thread 0x00000156c5157800 4621       3       kotlin.reflect.jvm.internal.impl.name.FqNameUnsafe::isRoot (8 bytes)
Event: 19.507 Thread 0x00000156c5157800 nmethod 4621 0x00000156aeef5f90 code [0x00000156aeef6140, 0x00000156aeef6318]
Event: 19.510 Thread 0x00000156c5157800 4622       3       kotlin.reflect.jvm.internal.impl.name.FqName::asString (16 bytes)
Event: 19.511 Thread 0x00000156c5157800 nmethod 4622 0x00000156aeef6410 code [0x00000156aeef65e0, 0x00000156aeef6838]
Event: 19.511 Thread 0x00000156c5157800 4624       3       kotlin.reflect.jvm.internal.impl.name.FqName::toUnsafe (13 bytes)
Event: 19.511 Thread 0x00000156c5157800 nmethod 4624 0x00000156aeef6990 code [0x00000156aeef6b40, 0x00000156aeef6cc8]
Event: 19.511 Thread 0x00000156c5157800 4623       3       kotlin.reflect.jvm.internal.impl.name.FqNameUnsafe::asString (13 bytes)
Event: 19.511 Thread 0x00000156c5157800 nmethod 4623 0x00000156aeef6d90 code [0x00000156aeef6f40, 0x00000156aeef70c8]
Event: 19.520 Thread 0x00000156c5157800 4625       3       java.util.Collections$EmptyMap::values (4 bytes)
Event: 19.520 Thread 0x00000156c5157800 nmethod 4625 0x00000156aeef7190 code [0x00000156aeef7340, 0x00000156aeef7498]
Event: 19.520 Thread 0x00000156c5157800 4626       3       java.util.Collections$EmptySet::toArray (11 bytes)
Event: 19.520 Thread 0x00000156c5157800 nmethod 4626 0x00000156aeef7590 code [0x00000156aeef7760, 0x00000156aeef7a38]
Event: 19.545 Thread 0x00000156c490b000 4627       4       java.util.jar.JarFile::getManifest (5 bytes)

GC Heap History (18 events):
Event: 1.727 GC heap before
{Heap before GC invocations=0 (full 0):
 garbage-first heap   total 196608K, used 19456K [0x0000000080000000, 0x0000000100000000)
  region size 1024K, 14 young (14336K), 0 survivors (0K)
 Metaspace       used 7575K, capacity 7745K, committed 7936K, reserved 1056768K
  class space    used 706K, capacity 749K, committed 768K, reserved 1048576K
}
Event: 2.201 GC heap after
{Heap after GC invocations=1 (full 0):
 garbage-first heap   total 196608K, used 8196K [0x0000000080000000, 0x0000000100000000)
  region size 1024K, 2 young (2048K), 2 survivors (2048K)
 Metaspace       used 7575K, capacity 7745K, committed 7936K, reserved 1056768K
  class space    used 706K, capacity 749K, committed 768K, reserved 1048576K
}
Event: 3.041 GC heap before
{Heap before GC invocations=1 (full 0):
 garbage-first heap   total 196608K, used 20484K [0x0000000080000000, 0x0000000100000000)
  region size 1024K, 14 young (14336K), 2 survivors (2048K)
 Metaspace       used 10846K, capacity 11144K, committed 11264K, reserved 1058816K
  class space    used 1144K, capacity 1201K, committed 1280K, reserved 1048576K
}
Event: 3.043 GC heap after
{Heap after GC invocations=2 (full 0):
 garbage-first heap   total 196608K, used 9146K [0x0000000080000000, 0x0000000100000000)
  region size 1024K, 1 young (1024K), 1 survivors (1024K)
 Metaspace       used 10846K, capacity 11144K, committed 11264K, reserved 1058816K
  class space    used 1144K, capacity 1201K, committed 1280K, reserved 1048576K
}
Event: 4.026 GC heap before
{Heap before GC invocations=2 (full 0):
 garbage-first heap   total 196608K, used 39866K [0x0000000080000000, 0x0000000100000000)
  region size 1024K, 31 young (31744K), 1 survivors (1024K)
 Metaspace       used 11149K, capacity 11488K, committed 11520K, reserved 1058816K
  class space    used 1177K, capacity 1273K, committed 1280K, reserved 1048576K
}
Event: 4.029 GC heap after
{Heap after GC invocations=3 (full 0):
 garbage-first heap   total 196608K, used 13603K [0x0000000080000000, 0x0000000100000000)
  region size 1024K, 4 young (4096K), 4 survivors (4096K)
 Metaspace       used 11149K, capacity 11488K, committed 11520K, reserved 1058816K
  class space    used 1177K, capacity 1273K, committed 1280K, reserved 1048576K
}
Event: 9.354 GC heap before
{Heap before GC invocations=3 (full 0):
 garbage-first heap   total 196608K, used 58659K [0x0000000080000000, 0x0000000100000000)
  region size 1024K, 47 young (48128K), 4 survivors (4096K)
 Metaspace       used 20359K, capacity 20845K, committed 20992K, reserved 1067008K
  class space    used 2394K, capacity 2534K, committed 2560K, reserved 1048576K
}
Event: 9.359 GC heap after
{Heap after GC invocations=4 (full 0):
 garbage-first heap   total 196608K, used 16259K [0x0000000080000000, 0x0000000100000000)
  region size 1024K, 3 young (3072K), 3 survivors (3072K)
 Metaspace       used 20359K, capacity 20845K, committed 20992K, reserved 1067008K
  class space    used 2394K, capacity 2534K, committed 2560K, reserved 1048576K
}
Event: 9.484 GC heap before
{Heap before GC invocations=4 (full 0):
 garbage-first heap   total 196608K, used 17283K [0x0000000080000000, 0x0000000100000000)
  region size 1024K, 5 young (5120K), 3 survivors (3072K)
 Metaspace       used 20664K, capacity 21116K, committed 21248K, reserved 1069056K
  class space    used 2427K, capacity 2543K, committed 2560K, reserved 1048576K
}
Event: 9.488 GC heap after
{Heap after GC invocations=5 (full 0):
 garbage-first heap   total 196608K, used 16420K [0x0000000080000000, 0x0000000100000000)
  region size 1024K, 3 young (3072K), 3 survivors (3072K)
 Metaspace       used 20664K, capacity 21116K, committed 21248K, reserved 1069056K
  class space    used 2427K, capacity 2543K, committed 2560K, reserved 1048576K
}
Event: 11.292 GC heap before
{Heap before GC invocations=6 (full 0):
 garbage-first heap   total 196608K, used 73764K [0x0000000080000000, 0x0000000100000000)
  region size 1024K, 59 young (60416K), 3 survivors (3072K)
 Metaspace       used 27164K, capacity 27859K, committed 28032K, reserved 1073152K
  class space    used 3494K, capacity 3711K, committed 3712K, reserved 1048576K
}
Event: 11.298 GC heap after
{Heap after GC invocations=7 (full 0):
 garbage-first heap   total 196608K, used 18601K [0x0000000080000000, 0x0000000100000000)
  region size 1024K, 5 young (5120K), 5 survivors (5120K)
 Metaspace       used 27164K, capacity 27859K, committed 28032K, reserved 1073152K
  class space    used 3494K, capacity 3711K, committed 3712K, reserved 1048576K
}
Event: 12.772 GC heap before
{Heap before GC invocations=7 (full 0):
 garbage-first heap   total 196608K, used 54441K [0x0000000080000000, 0x0000000100000000)
  region size 1024K, 41 young (41984K), 5 survivors (5120K)
 Metaspace       used 34831K, capacity 35503K, committed 35628K, reserved 1081344K
  class space    used 4450K, capacity 4706K, committed 4736K, reserved 1048576K
}
Event: 12.780 GC heap after
{Heap after GC invocations=8 (full 0):
 garbage-first heap   total 196608K, used 21673K [0x0000000080000000, 0x0000000100000000)
  region size 1024K, 8 young (8192K), 8 survivors (8192K)
 Metaspace       used 34831K, capacity 35503K, committed 35628K, reserved 1081344K
  class space    used 4450K, capacity 4706K, committed 4736K, reserved 1048576K
}
Event: 15.780 GC heap before
{Heap before GC invocations=9 (full 0):
 garbage-first heap   total 196608K, used 97449K [0x0000000080000000, 0x0000000100000000)
  region size 1024K, 79 young (80896K), 8 survivors (8192K)
 Metaspace       used 41258K, capacity 42203K, committed 42412K, reserved 1085440K
  class space    used 5292K, capacity 5567K, committed 5632K, reserved 1048576K
}
Event: 15.796 GC heap after
{Heap after GC invocations=10 (full 0):
 garbage-first heap   total 196608K, used 25219K [0x0000000080000000, 0x0000000100000000)
  region size 1024K, 9 young (9216K), 9 survivors (9216K)
 Metaspace       used 41258K, capacity 42203K, committed 42412K, reserved 1085440K
  class space    used 5292K, capacity 5567K, committed 5632K, reserved 1048576K
}
Event: 18.767 GC heap before
{Heap before GC invocations=10 (full 0):
 garbage-first heap   total 196608K, used 117379K [0x0000000080000000, 0x0000000100000000)
  region size 1024K, 94 young (96256K), 9 survivors (9216K)
 Metaspace       used 46349K, capacity 47572K, committed 47788K, reserved 1091584K
  class space    used 5960K, capacity 6381K, committed 6400K, reserved 1048576K
}
Event: 18.782 GC heap after
{Heap after GC invocations=11 (full 0):
 garbage-first heap   total 196608K, used 40475K [0x0000000080000000, 0x0000000100000000)
  region size 1024K, 12 young (12288K), 12 survivors (12288K)
 Metaspace       used 46349K, capacity 47572K, committed 47788K, reserved 1091584K
  class space    used 5960K, capacity 6381K, committed 6400K, reserved 1048576K
}

Deoptimization events (20 events):
Event: 18.656 Thread 0x00000156c54dd800 DEOPT PACKING pc=0x00000156b5c1975c sp=0x0000003e78df9cd0
Event: 18.656 Thread 0x00000156c54dd800 DEOPT UNPACKING pc=0x00000156ae06742f sp=0x0000003e78df9cd0 mode 2
Event: 18.708 Thread 0x00000156c54dd800 Uncommon trap: trap_request=0xffffffc6 fr.pc=0x00000156b5c1975c relative=0x0000000000003a1c
Event: 18.708 Thread 0x00000156c54dd800 Uncommon trap: reason=bimorphic_or_optimized_type_check action=maybe_recompile pc=0x00000156b5c1975c method=java.util.AbstractCollection.addAll(Ljava/util/Collection;)Z @ 29 c2
Event: 18.708 Thread 0x00000156c54dd800 DEOPT PACKING pc=0x00000156b5c1975c sp=0x0000003e78df9c50
Event: 18.708 Thread 0x00000156c54dd800 DEOPT UNPACKING pc=0x00000156ae06742f sp=0x0000003e78df9c50 mode 2
Event: 18.714 Thread 0x00000156c54dd800 DEOPT PACKING pc=0x00000156ae7a65f9 sp=0x0000003e78df83e0
Event: 18.714 Thread 0x00000156c54dd800 DEOPT UNPACKING pc=0x00000156ae06724e sp=0x0000003e78df78b0 mode 0
Event: 18.817 Thread 0x00000156c54dd800 Uncommon trap: trap_request=0xffffff4d fr.pc=0x00000156b5c35e24 relative=0x00000000000055e4
Event: 18.817 Thread 0x00000156c54dd800 Uncommon trap: reason=unstable_if action=reinterpret pc=0x00000156b5c35e24 method=org.objectweb.asm.Frame.execute(IILorg/objectweb/asm/Symbol;Lorg/objectweb/asm/SymbolTable;)V @ 1 c2
Event: 18.817 Thread 0x00000156c54dd800 DEOPT PACKING pc=0x00000156b5c35e24 sp=0x0000003e78df8e30
Event: 18.817 Thread 0x00000156c54dd800 DEOPT UNPACKING pc=0x00000156ae06742f sp=0x0000003e78df8dd8 mode 2
Event: 19.210 Thread 0x00000156c54dd800 Uncommon trap: trap_request=0xffffff45 fr.pc=0x00000156b5c275fc relative=0x0000000000000cbc
Event: 19.210 Thread 0x00000156c54dd800 Uncommon trap: reason=unstable_fused_if action=reinterpret pc=0x00000156b5c275fc method=org.objectweb.asm.ByteVector.putUTF8(Ljava/lang/String;)Lorg/objectweb/asm/ByteVector; @ 93 c2
Event: 19.210 Thread 0x00000156c54dd800 DEOPT PACKING pc=0x00000156b5c275fc sp=0x0000003e78df9360
Event: 19.210 Thread 0x00000156c54dd800 DEOPT UNPACKING pc=0x00000156ae06742f sp=0x0000003e78df92b8 mode 2
Event: 19.264 Thread 0x00000156c54dd800 Uncommon trap: trap_request=0xffffff45 fr.pc=0x00000156b5be44ec relative=0x000000000000020c
Event: 19.264 Thread 0x00000156c54dd800 Uncommon trap: reason=unstable_fused_if action=reinterpret pc=0x00000156b5be44ec method=org.objectweb.asm.ByteVector.putUTF8(Ljava/lang/String;)Lorg/objectweb/asm/ByteVector; @ 93 c2
Event: 19.264 Thread 0x00000156c54dd800 DEOPT PACKING pc=0x00000156b5be44ec sp=0x0000003e78df9540
Event: 19.264 Thread 0x00000156c54dd800 DEOPT UNPACKING pc=0x00000156ae06742f sp=0x0000003e78df94c0 mode 2

Classes redefined (0 events):
No events

Internal exceptions (20 events):
Event: 18.088 Thread 0x00000156c6841800 Exception <a 'java/lang/NoSuchMethodError'{0x0000000087c0ea10}: <clinit>> (0x0000000087c0ea10) thrown at [./src/hotspot/share/prims/jni.cpp, line 1362]
Event: 18.090 Thread 0x00000156c6841800 Exception <a 'java/lang/NoSuchMethodError'{0x0000000087c22128}: <clinit>> (0x0000000087c22128) thrown at [./src/hotspot/share/prims/jni.cpp, line 1362]
Event: 18.122 Thread 0x00000156c54dd800 Exception <a 'java/lang/ClassNotFoundException'{0x0000000087c69de0}: build_7cufch3vx8yrrljdipevan923BeanInfo> (0x0000000087c69de0) thrown at [./src/hotspot/share/classfile/systemDictionary.cpp, line 231]
Event: 18.122 Thread 0x00000156c54dd800 Exception <a 'java/lang/ClassNotFoundException'{0x0000000087c726d8}: build_7cufch3vx8yrrljdipevan923Customizer> (0x0000000087c726d8) thrown at [./src/hotspot/share/classfile/systemDictionary.cpp, line 231]
Event: 18.132 Thread 0x00000156c54dd800 Exception <a 'java/lang/ClassNotFoundException'{0x0000000087cdd458}: org/gradle/plugin/use/internal/PluginRequestCollector$PluginDependenciesSpecImplBeanInfo> (0x0000000087cdd458) thrown at [./src/hotspot/share/classfile/systemDictionary.cpp, line 231]
Event: 18.142 Thread 0x00000156c54dd800 Exception <a 'java/lang/ClassNotFoundException'{0x0000000087b00c80}: org/gradle/plugin/use/internal/PluginRequestCollector$PluginDependenciesSpecImplCustomizer> (0x0000000087b00c80) thrown at [./src/hotspot/share/classfile/systemDictionary.cpp, line 231]
Event: 18.156 Thread 0x00000156c54dd800 Exception <a 'java/lang/NoSuchMethodError'{0x0000000087b700b8}: 'void java.lang.invoke.DirectMethodHandle$Holder.invokeInterface(java.lang.Object, java.lang.Object)'> (0x0000000087b700b8) thrown at [./src/hotspot/share/interpreter/linkResolver.cpp, line 773]
Event: 18.209 Thread 0x00000156c54dd800 Exception <a 'java/lang/ClassNotFoundException'{0x000000008796f580}: org/gradle/api/internal/plugins/DefaultObjectConfigurationActionBeanInfo> (0x000000008796f580) thrown at [./src/hotspot/share/classfile/systemDictionary.cpp, line 231]
Event: 18.210 Thread 0x00000156c54dd800 Exception <a 'java/lang/ClassNotFoundException'{0x00000000879973c8}: org/gradle/api/internal/plugins/DefaultObjectConfigurationActionCustomizer> (0x00000000879973c8) thrown at [./src/hotspot/share/classfile/systemDictionary.cpp, line 231]
Event: 18.356 Thread 0x00000156c54dd800 Exception <a 'java/lang/NoSuchMethodError'{0x000000008741c668}: 'void java.lang.invoke.DirectMethodHandle$Holder.invokeStatic(java.lang.Object, java.lang.Object, java.lang.Object, java.lang.Object, java.lang.Object)'> (0x000000008741c668) thrown at [./src/hotspot/share/interpreter/linkResolver.cpp, line 773]
Event: 18.573 Thread 0x00000156c54dd800 Exception <a 'java/lang/NoSuchMethodError'{0x00000000864648e8}: 'java.lang.Object java.lang.invoke.DelegatingMethodHandle$Holder.reinvoke_L(java.lang.Object, java.lang.Object, java.lang.Object, java.lang.Object, java.lang.Object, java.lang.Object, java.lang.Object, java.lang.Object, java.lang.Object, java.lang.Object, java.lang.Object, java.lang.Object, java.lang.Object, java.lang.Object, java.lang.Object, java.lang.Object, java.lang.Object)'> (0x00000000864648e8) thrown at [./src/hotspot/share/interpreter
Event: 18.575 Thread 0x00000156c54dd800 Exception <a 'java/lang/NoSuchMethodError'{0x000000008646f238}: 'java.lang.Object java.lang.invoke.Invokers$Holder.invoker(java.lang.Object, java.lang.Object, java.lang.Object, java.lang.Object, java.lang.Object, java.lang.Object, java.lang.Object, java.lang.Object, java.lang.Object, java.lang.Object, java.lang.Object, java.lang.Object, java.lang.Object, java.lang.Object, java.lang.Object, java.lang.Object, java.lang.Object)'> (0x000000008646f238) thrown at [./src/hotspot/share/interpreter/linkResolver.cpp
Event: 18.575 Thread 0x00000156c54dd800 Exception <a 'java/lang/NoSuchMethodError'{0x0000000086475b40}: 'java.lang.Object java.lang.invoke.DelegatingMethodHandle$Holder.delegate(java.lang.Object, java.lang.Object, java.lang.Object, java.lang.Object, java.lang.Object, java.lang.Object, java.lang.Object, java.lang.Object, java.lang.Object, java.lang.Object, java.lang.Object, java.lang.Object, java.lang.Object, java.lang.Object, java.lang.Object, java.lang.Object, java.lang.Object)'> (0x0000000086475b40) thrown at [./src/hotspot/share/interpreter/l
Event: 18.603 Thread 0x00000156c54dd800 Exception <a 'java/lang/NoSuchMethodError'{0x00000000864f7b38}: 'java.lang.Object java.lang.invoke.DirectMethodHandle$Holder.invokeStatic(java.lang.Object, java.lang.Object, java.lang.Object, java.lang.Object, java.lang.Object, java.lang.Object, java.lang.Object, java.lang.Object, java.lang.Object, java.lang.Object, java.lang.Object, java.lang.Object, java.lang.Object, java.lang.Object, java.lang.Object)'> (0x00000000864f7b38) thrown at [./src/hotspot/share/interpreter/linkResolver.cpp, line 773]
Event: 18.605 Thread 0x00000156c54dd800 Exception <a 'java/lang/NoSuchMethodError'{0x00000000863074d0}: 'java.lang.Object java.lang.invoke.DirectMethodHandle$Holder.invokeStatic(java.lang.Object, java.lang.Object, java.lang.Object, java.lang.Object, java.lang.Object, java.lang.Object, java.lang.Object, java.lang.Object, java.lang.Object, java.lang.Object, java.lang.Object, java.lang.Object, java.lang.Object, java.lang.Object, java.lang.Object, java.lang.Object)'> (0x00000000863074d0) thrown at [./src/hotspot/share/interpreter/linkResolver.cpp, l
Event: 18.605 Thread 0x00000156c54dd800 Exception <a 'java/lang/NoSuchMethodError'{0x0000000086316680}: 'java.lang.Object java.lang.invoke.DelegatingMethodHandle$Holder.reinvoke_L(java.lang.Object, java.lang.Object, java.lang.Object, java.lang.Object, java.lang.Object, java.lang.Object, java.lang.Object, java.lang.Object, java.lang.Object, java.lang.Object, java.lang.Object, java.lang.Object, java.lang.Object, java.lang.Object, java.lang.Object, java.lang.Object)'> (0x0000000086316680) thrown at [./src/hotspot/share/interpreter/linkResolver.cpp,
Event: 18.816 Thread 0x00000156c54dd800 Exception <a 'java/lang/NoSuchMethodError'{0x000000008bf79e38}: 'java.lang.Object java.lang.invoke.DirectMethodHandle$Holder.invokeStatic(java.lang.Object, java.lang.Object, java.lang.Object, java.lang.Object, int)'> (0x000000008bf79e38) thrown at [./src/hotspot/share/interpreter/linkResolver.cpp, line 773]
Event: 18.816 Thread 0x00000156c54dd800 Exception <a 'java/lang/NoSuchMethodError'{0x000000008bf7e830}: 'java.lang.Object java.lang.invoke.DirectMethodHandle$Holder.invokeSpecial(java.lang.Object, java.lang.Object, java.lang.Object, java.lang.Object, java.lang.Object, int)'> (0x000000008bf7e830) thrown at [./src/hotspot/share/interpreter/linkResolver.cpp, line 773]
Event: 18.817 Thread 0x00000156c54dd800 Exception <a 'java/lang/NoSuchMethodError'{0x000000008bfa24c0}: 'java.lang.Object java.lang.invoke.Invokers$Holder.linkToTargetMethod(java.lang.Object, java.lang.Object, java.lang.Object, int, java.lang.Object)'> (0x000000008bfa24c0) thrown at [./src/hotspot/share/interpreter/linkResolver.cpp, line 773]
Event: 19.307 Thread 0x00000156c54dd800 Exception <a 'java/lang/IncompatibleClassChangeError'{0x000000008b0d0f48}: Found class java.lang.Object, but interface was expected> (0x000000008b0d0f48) thrown at [./src/hotspot/share/interpreter/linkResolver.cpp, line 839]

Events (20 events):
Event: 19.544 loading class com/google/wireless/android/sdk/stats/GradleBuildProject$1
Event: 19.544 loading class com/google/wireless/android/sdk/stats/GradleBuildProject$1 done
Event: 19.545 loading class com/google/wireless/android/sdk/stats/GradleBuildProject$2
Event: 19.545 loading class com/google/wireless/android/sdk/stats/GradleBuildProject$2 done
Event: 19.545 loading class com/google/wireless/android/sdk/stats/GradleBuildProject$Builder
Event: 19.545 loading class com/google/wireless/android/sdk/stats/GradleBuildProject$Builder done
Event: 19.562 loading class com/google/wireless/android/sdk/stats/GradleBuildVariant
Event: 19.562 loading class com/google/wireless/android/sdk/stats/GradleBuildVariant done
Event: 19.567 loading class com/google/wireless/android/sdk/stats/GradleBuildVariantOrBuilder
Event: 19.567 loading class com/google/wireless/android/sdk/stats/GradleBuildVariantOrBuilder done
Event: 19.568 loading class com/google/wireless/android/sdk/stats/GradleBuildSplits
Event: 19.568 loading class com/google/wireless/android/sdk/stats/GradleBuildSplits done
Event: 19.570 loading class com/google/wireless/android/sdk/stats/GradleProjectOptionsSettings
Event: 19.570 loading class com/google/wireless/android/sdk/stats/GradleProjectOptionsSettings done
Event: 19.573 loading class com/google/wireless/android/sdk/stats/GradleBuildProjectMetrics
Event: 19.573 loading class com/google/wireless/android/sdk/stats/GradleBuildProjectMetrics done
Event: 19.577 loading class com/google/wireless/android/sdk/stats/GradleBuildProject$PluginType$1
Event: 19.577 loading class com/google/wireless/android/sdk/stats/GradleBuildProject$PluginType$1 done
Event: 19.578 loading class com/google/wireless/android/sdk/stats/GradleBuildProject$PluginGeneration
Event: 19.578 loading class com/google/wireless/android/sdk/stats/GradleBuildProject$PluginGeneration done


Dynamic libraries:
0x00007ff7e9450000 - 0x00007ff7e945a000 	C:\Program Files\Android\Android Studio\jre\bin\java.exe
0x00007ffa015f0000 - 0x00007ffa017e5000 	C:\Windows\SYSTEM32\ntdll.dll
0x00007ffa00e50000 - 0x00007ffa00f0d000 	C:\Windows\System32\KERNEL32.DLL
0x00007ff9fed30000 - 0x00007ff9feff8000 	C:\Windows\System32\KERNELBASE.dll
0x00007ff9ff110000 - 0x00007ff9ff210000 	C:\Windows\System32\ucrtbase.dll
0x00007ff9efd30000 - 0x00007ff9efd49000 	C:\Program Files\Android\Android Studio\jre\bin\jli.dll
0x00007ffa00550000 - 0x00007ffa006f0000 	C:\Windows\System32\USER32.dll
0x00007ff9ff530000 - 0x00007ff9ff552000 	C:\Windows\System32\win32u.dll
0x00007ff9ff830000 - 0x00007ff9ff85a000 	C:\Windows\System32\GDI32.dll
0x00007ff9ff240000 - 0x00007ff9ff34b000 	C:\Windows\System32\gdi32full.dll
0x00007ff9ff560000 - 0x00007ff9ff5fd000 	C:\Windows\System32\msvcp_win.dll
0x00007ff9efd10000 - 0x00007ff9efd27000 	C:\Program Files\Android\Android Studio\jre\bin\VCRUNTIME140.dll
0x00007ff9eade0000 - 0x00007ff9eb07a000 	C:\Windows\WinSxS\amd64_microsoft.windows.common-controls_6595b64144ccf1df_6.0.19041.844_none_ca00b6081b84eb1d\COMCTL32.dll
0x00007ffa003a0000 - 0x00007ffa0043e000 	C:\Windows\System32\msvcrt.dll
0x00007ff9ffc20000 - 0x00007ff9ffc50000 	C:\Windows\System32\IMM32.DLL
0x00007ff9efc70000 - 0x00007ff9efd0d000 	C:\Program Files\Android\Android Studio\jre\bin\msvcp140.dll
0x00007ff9da2c0000 - 0x00007ff9dad7c000 	C:\Program Files\Android\Android Studio\jre\bin\server\jvm.dll
0x00007ffa00440000 - 0x00007ffa004ec000 	C:\Windows\System32\ADVAPI32.dll
0x00007ffa00840000 - 0x00007ffa008db000 	C:\Windows\System32\sechost.dll
0x00007ff9ffae0000 - 0x00007ff9ffc0b000 	C:\Windows\System32\RPCRT4.dll
0x00007ff9ffc10000 - 0x00007ff9ffc18000 	C:\Windows\System32\PSAPI.DLL
0x00007ff9f35d0000 - 0x00007ff9f35d9000 	C:\Windows\SYSTEM32\WSOCK32.dll
0x00007ffa00700000 - 0x00007ffa0076b000 	C:\Windows\System32\WS2_32.dll
0x00007ff9f6bc0000 - 0x00007ff9f6be7000 	C:\Windows\SYSTEM32\WINMM.dll
0x00007ff9f7ee0000 - 0x00007ff9f7eea000 	C:\Windows\SYSTEM32\VERSION.dll
0x00007ff9fcca0000 - 0x00007ff9fccb2000 	C:\Windows\SYSTEM32\kernel.appcore.dll
0x00007ff9e7910000 - 0x00007ff9e7921000 	C:\Program Files\Android\Android Studio\jre\bin\verify.dll
0x00007ff9f8890000 - 0x00007ff9f8a74000 	C:\Windows\SYSTEM32\DBGHELP.DLL
0x00007ff9f1540000 - 0x00007ff9f156c000 	C:\Windows\SYSTEM32\dbgcore.DLL
0x00007ff9ff350000 - 0x00007ff9ff3d0000 	C:\Windows\System32\bcryptPrimitives.dll
0x00007ff9e6810000 - 0x00007ff9e6839000 	C:\Program Files\Android\Android Studio\jre\bin\java.dll
0x00007ff9ec0f0000 - 0x00007ff9ec0fb000 	C:\Program Files\Android\Android Studio\jre\bin\jimage.dll
0x00007ff9e6790000 - 0x00007ff9e67a8000 	C:\Program Files\Android\Android Studio\jre\bin\zip.dll
0x00007ff9ffc50000 - 0x00007ffa00392000 	C:\Windows\System32\SHELL32.dll
0x00007ff9fcea0000 - 0x00007ff9fd630000 	C:\Windows\SYSTEM32\windows.storage.dll
0x00007ffa00a10000 - 0x00007ffa00d65000 	C:\Windows\System32\combase.dll
0x00007ff9fe7a0000 - 0x00007ff9fe7cc000 	C:\Windows\SYSTEM32\Wldp.dll
0x00007ffa00790000 - 0x00007ffa0083e000 	C:\Windows\System32\SHCORE.dll
0x00007ffa01550000 - 0x00007ffa015a5000 	C:\Windows\System32\shlwapi.dll
0x00007ff9fec70000 - 0x00007ff9fec8f000 	C:\Windows\SYSTEM32\profapi.dll
0x00007ff9e6160000 - 0x00007ff9e617a000 	C:\Program Files\Android\Android Studio\jre\bin\net.dll
0x00007ff9f1f70000 - 0x00007ff9f207b000 	C:\Windows\SYSTEM32\WINHTTP.dll
0x00007ff9fe510000 - 0x00007ff9fe57a000 	C:\Windows\system32\mswsock.dll
0x00007ff9e6120000 - 0x00007ff9e6134000 	C:\Program Files\Android\Android Studio\jre\bin\nio.dll
0x00007ff9e7e10000 - 0x00007ff9e7e37000 	C:\Users\Fabi\.gradle\native\f6784746aeab05261644944871eae4fe03e0ef1612fff0a4a95f87b438bc6780\windows-amd64\native-platform.dll
0x00007ff9e6780000 - 0x00007ff9e678a000 	C:\Program Files\Android\Android Studio\jre\bin\management.dll
0x00007ff9e6210000 - 0x00007ff9e621c000 	C:\Program Files\Android\Android Studio\jre\bin\management_ext.dll
0x00007ff9fe6e0000 - 0x00007ff9fe6f8000 	C:\Windows\SYSTEM32\CRYPTSP.dll
0x00007ff9fdde0000 - 0x00007ff9fde14000 	C:\Windows\system32\rsaenh.dll
0x00007ff9ff210000 - 0x00007ff9ff237000 	C:\Windows\System32\bcrypt.dll
0x00007ff9fec30000 - 0x00007ff9fec5e000 	C:\Windows\SYSTEM32\USERENV.dll
0x00007ff9fe700000 - 0x00007ff9fe70c000 	C:\Windows\SYSTEM32\CRYPTBASE.dll
0x00007ff9fe1b0000 - 0x00007ff9fe1eb000 	C:\Windows\SYSTEM32\IPHLPAPI.DLL
0x00007ffa014b0000 - 0x00007ffa014b8000 	C:\Windows\System32\NSI.dll
0x00007ff9f8490000 - 0x00007ff9f84a7000 	C:\Windows\SYSTEM32\dhcpcsvc6.DLL
0x00007ff9f8c80000 - 0x00007ff9f8c9d000 	C:\Windows\SYSTEM32\dhcpcsvc.DLL
0x00007ff9fe200000 - 0x00007ff9fe2cc000 	C:\Windows\SYSTEM32\DNSAPI.dll
0x00007ff9f8d70000 - 0x00007ff9f8d7b000 	C:\Windows\SYSTEM32\WINNSI.DLL

dbghelp: loaded successfully - version: 4.0.5 - missing functions: none
symbol engine: initialized successfully - sym options: 0x614 - pdb path: .;C:\Program Files\Android\Android Studio\jre\bin;C:\Windows\SYSTEM32;C:\Windows\WinSxS\amd64_microsoft.windows.common-controls_6595b64144ccf1df_6.0.19041.844_none_ca00b6081b84eb1d;C:\Program Files\Android\Android Studio\jre\bin\server;C:\Users\Fabi\.gradle\native\f6784746aeab05261644944871eae4fe03e0ef1612fff0a4a95f87b438bc6780\windows-amd64

VM Arguments:
jvm_args: --add-opens=java.base/java.util=ALL-UNNAMED --add-opens=java.base/java.lang=ALL-UNNAMED --add-opens=java.base/java.lang.invoke=ALL-UNNAMED --add-opens=java.prefs/java.util.prefs=ALL-UNNAMED -Xmx2048m -Dfile.encoding=UTF-8 -Duser.country=BR -Duser.language=pt -Duser.variant 
java_command: org.gradle.launcher.daemon.bootstrap.GradleDaemon 6.5
java_class_path (initial): C:\Users\Fabi\.gradle\wrapper\dists\gradle-6.5-bin\6nifqtx7604sqp1q6g8wikw7p\gradle-6.5\lib\gradle-launcher-6.5.jar
Launcher Type: SUN_STANDARD

[Global flags]
     intx CICompilerCount                          = 3                                         {product} {ergonomic}
     uint ConcGCThreads                            = 1                                         {product} {ergonomic}
     uint G1ConcRefinementThreads                  = 4                                         {product} {ergonomic}
   size_t G1HeapRegionSize                         = 1048576                                   {product} {ergonomic}
    uintx GCDrainStackTargetSize                   = 64                                        {product} {ergonomic}
   size_t InitialHeapSize                          = 201326592                                 {product} {ergonomic}
   size_t MarkStackSize                            = 4194304                                   {product} {ergonomic}
   size_t MaxHeapSize                              = 2147483648                                {product} {command line}
   size_t MaxNewSize                               = 1287651328                                {product} {ergonomic}
   size_t MinHeapDeltaBytes                        = 1048576                                   {product} {ergonomic}
    uintx NonNMethodCodeHeapSize                   = 5830732                                {pd product} {ergonomic}
    uintx NonProfiledCodeHeapSize                  = 122913754                              {pd product} {ergonomic}
    uintx ProfiledCodeHeapSize                     = 122913754                              {pd product} {ergonomic}
    uintx ReservedCodeCacheSize                    = 251658240                              {pd product} {ergonomic}
     bool SegmentedCodeCache                       = true                                      {product} {ergonomic}
     bool UseCompressedClassPointers               = true                                 {lp64_product} {ergonomic}
     bool UseCompressedOops                        = true                                 {lp64_product} {ergonomic}
     bool UseG1GC                                  = true                                      {product} {ergonomic}
     bool UseLargePagesIndividualAllocation        = false                                  {pd product} {ergonomic}

Logging:
Log output configuration:
 #0: stdout all=warning uptime,level,tags
 #1: stderr all=off uptime,level,tags

Environment Variables:
PATH=C:\Windows\system32;C:\Windows;C:\Windows\System32\Wbem;C:\Windows\System32\WindowsPowerShell\v1.0\;C:\Windows\System32\OpenSSH\;C:\Program Files\Git\cmd;C:\Users\Fabi\AppData\Local\Microsoft\WindowsApps;C:\Program Files\JetBrains\IntelliJ IDEA Community Edition 2021.1.1\bin;;C:\Users\Fabi\AppData\Local\GitHubDesktop\bin
USERNAME=Fabi
OS=Windows_NT
PROCESSOR_IDENTIFIER=Intel64 Family 6 Model 58 Stepping 9, GenuineIntel



---------------  S Y S T E M  ---------------

OS: Windows 10 , 64 bit Build 19041 (10.0.19041.928)
OS uptime: 0 days 0:39 hours

CPU:total 4 (initial active 4) (4 cores per cpu, 1 threads per core) family 6 model 58 stepping 9, cmov, cx8, fxsr, mmx, sse, sse2, sse3, ssse3, sse4.1, sse4.2, popcnt, avx, aes, clmul, erms, tsc, tscinvbit, tscinv

Memory: 4k page, system-wide physical 12244M (100M free)
TotalPageFile size 26474M (AvailPageFile size 2M)
current process WorkingSet (physical memory assigned to process): 290M, peak: 290M
current process commit charge ("private bytes"): 381M, peak: 381M

vm_info: OpenJDK 64-Bit Server VM (11.0.8+10-b944.6842174) for windows-amd64 JRE (11.0.8+10-b944.6842174), built on Sep 19 2020 01:11:42 by "builder" with MS VC++ 14.0 (VS2015)

END.
